This is pdfTeX, Version 3.14159265-2.6-1.40.16 (TeX Live 2015) (preloaded format=pdflatex 2016.5.9)  24 MAY 2018 16:58
entering extended mode
 restricted \write18 enabled.
 %&-line parsing enabled.
**Meditation.tex
(./Meditation.tex
LaTeX2e <2015/01/01>
Babel <3.9l> and hyphenation patterns for 79 languages loaded.
! Undefined control sequence.
l.1 \chapter
            {Focused Attention Meditation}
The control sequence at the end of the top line
of your error message was never \def'ed. If you have
misspelled it (e.g., `\hobx'), type `I' and the correct
spelling (e.g., `I\hbox'). Otherwise just continue,
and I'll forget about whatever was undefined.


! LaTeX Error: Missing \begin{document}.

See the LaTeX manual or LaTeX Companion for explanation.
Type  H <return>  for immediate help.
 ...                                              
                                                  
l.1 \chapter{F
              ocused Attention Meditation}
You're in trouble here.  Try typing  <return>  to proceed.
If that doesn't work, type  X <return>  to quit.

Missing character: There is no F in font nullfont!
Missing character: There is no o in font nullfont!
Missing character: There is no c in font nullfont!
Missing character: There is no u in font nullfont!
Missing character: There is no s in font nullfont!
Missing character: There is no e in font nullfont!
Missing character: There is no d in font nullfont!
Missing character: There is no A in font nullfont!
Missing character: There is no t in font nullfont!
Missing character: There is no t in font nullfont!
Missing character: There is no e in font nullfont!
Missing character: There is no n in font nullfont!
Missing character: There is no t in font nullfont!
Missing character: There is no i in font nullfont!
Missing character: There is no o in font nullfont!
Missing character: There is no n in font nullfont!
Missing character: There is no M in font nullfont!
Missing character: There is no e in font nullfont!
Missing character: There is no d in font nullfont!
Missing character: There is no i in font nullfont!
Missing character: There is no t in font nullfont!
Missing character: There is no a in font nullfont!
Missing character: There is no t in font nullfont!
Missing character: There is no i in font nullfont!
Missing character: There is no o in font nullfont!
Missing character: There is no n in font nullfont!
Missing character: There is no F in font nullfont!
Missing character: There is no o in font nullfont!
Missing character: There is no c in font nullfont!
Missing character: There is no u in font nullfont!
Missing character: There is no s in font nullfont!
Missing character: There is no e in font nullfont!
Missing character: There is no d in font nullfont!
Missing character: There is no A in font nullfont!
Missing character: There is no t in font nullfont!
Missing character: There is no t in font nullfont!
Missing character: There is no e in font nullfont!
Missing character: There is no n in font nullfont!
Missing character: There is no t in font nullfont!
Missing character: There is no i in font nullfont!
Missing character: There is no o in font nullfont!
Missing character: There is no n in font nullfont!
Missing character: There is no M in font nullfont!
Missing character: There is no e in font nullfont!
Missing character: There is no d in font nullfont!
Missing character: There is no i in font nullfont!
Missing character: There is no t in font nullfont!
Missing character: There is no a in font nullfont!
Missing character: There is no t in font nullfont!
Missing character: There is no i in font nullfont!
Missing character: There is no o in font nullfont!
Missing character: There is no n in font nullfont!
LaTeX Font Info:    External font `cmex10' loaded for size
(Font)              <7> on input line 2.
LaTeX Font Info:    External font `cmex10' loaded for size
(Font)              <5> on input line 2.
Missing character: There is no S in font nullfont!
Missing character: There is no e in font nullfont!
Missing character: There is no n in font nullfont!
Missing character: There is no s in font nullfont!
Missing character: There is no a in font nullfont!
Missing character: There is no t in font nullfont!
Missing character: There is no i in font nullfont!
Missing character: There is no o in font nullfont!
Missing character: There is no n in font nullfont!
Missing character: There is no s in font nullfont!
Missing character: There is no o in font nullfont!
Missing character: There is no f in font nullfont!
Missing character: There is no B in font nullfont!
Missing character: There is no r in font nullfont!
Missing character: There is no e in font nullfont!
Missing character: There is no a in font nullfont!
Missing character: There is no t in font nullfont!
Missing character: There is no h in font nullfont!
Missing character: There is no i in font nullfont!
Missing character: There is no n in font nullfont!
Missing character: There is no g in font nullfont!
Missing character: There is no 2 in font nullfont!
Missing character: There is no 2 in font nullfont!
Missing character: There is no m in font nullfont!
Missing character: There is no i in font nullfont!
Missing character: There is no n in font nullfont!
Missing character: There is no u in font nullfont!
Missing character: There is no t in font nullfont!
Missing character: There is no e in font nullfont!
Missing character: There is no s in font nullfont!
Missing character: There is no a in font nullfont!
Missing character: There is no n in font nullfont!
Missing character: There is no d in font nullfont!
Missing character: There is no 4 in font nullfont!
Missing character: There is no 0 in font nullfont!
Missing character: There is no s in font nullfont!
Missing character: There is no e in font nullfont!
Missing character: There is no c in font nullfont!
Missing character: There is no o in font nullfont!
Missing character: There is no n in font nullfont!
Missing character: There is no d in font nullfont!
Missing character: There is no s in font nullfont!
Missing character: There is no 2 in font nullfont!
Missing character: There is no 0 in font nullfont!
Missing character: There is no m in font nullfont!
Missing character: There is no i in font nullfont!
Missing character: There is no n in font nullfont!
Missing character: There is no u in font nullfont!
Missing character: There is no t in font nullfont!
Missing character: There is no e in font nullfont!
Missing character: There is no s in font nullfont!
Missing character: There is no a in font nullfont!
Missing character: There is no n in font nullfont!
Missing character: There is no d in font nullfont!
Missing character: There is no 1 in font nullfont!
Missing character: There is no . in font nullfont!
Missing character: There is no 5 in font nullfont!
Missing character: There is no m in font nullfont!
Missing character: There is no i in font nullfont!
Missing character: There is no n in font nullfont!
Missing character: There is no u in font nullfont!
Missing character: There is no t in font nullfont!
Missing character: There is no e in font nullfont!
Missing character: There is no s in font nullfont!
Missing character: There is no o in font nullfont!
Missing character: There is no f in font nullfont!
Missing character: There is no i in font nullfont!
Missing character: There is no n in font nullfont!
Missing character: There is no t in font nullfont!
Missing character: There is no r in font nullfont!
Missing character: There is no o in font nullfont!
Missing character: There is no d in font nullfont!
Missing character: There is no u in font nullfont!
Missing character: There is no c in font nullfont!
Missing character: There is no t in font nullfont!
Missing character: There is no i in font nullfont!
Missing character: There is no o in font nullfont!
Missing character: There is no n in font nullfont!
Missing character: There is no B in font nullfont!
Missing character: There is no u in font nullfont!
Missing character: There is no d in font nullfont!
Missing character: There is no d in font nullfont!
Missing character: There is no h in font nullfont!
Missing character: There is no i in font nullfont!
Missing character: There is no s in font nullfont!
Missing character: There is no t in font nullfont!
Missing character: There is no m in font nullfont!
Missing character: There is no e in font nullfont!
Missing character: There is no d in font nullfont!
Missing character: There is no i in font nullfont!
Missing character: There is no t in font nullfont!
Missing character: There is no a in font nullfont!
Missing character: There is no t in font nullfont!
Missing character: There is no i in font nullfont!
Missing character: There is no o in font nullfont!
Missing character: There is no n in font nullfont!
Missing character: There is no s in font nullfont!
Missing character: There is no m in font nullfont!
Missing character: There is no u in font nullfont!
Missing character: There is no s in font nullfont!
Missing character: There is no i in font nullfont!
Missing character: There is no c in font nullfont!
Missing character: There is no f in font nullfont!
Missing character: There is no o in font nullfont!
Missing character: There is no r in font nullfont!
Missing character: There is no p in font nullfont!
Missing character: There is no o in font nullfont!
Missing character: There is no s in font nullfont!
Missing character: There is no i in font nullfont!
Missing character: There is no t in font nullfont!
Missing character: There is no i in font nullfont!
Missing character: There is no v in font nullfont!
Missing character: There is no e in font nullfont!
Missing character: There is no e in font nullfont!
Missing character: There is no n in font nullfont!
Missing character: There is no e in font nullfont!
Missing character: There is no r in font nullfont!
Missing character: There is no g in font nullfont!
Missing character: There is no y in font nullfont!
Missing character: There is no D in font nullfont!
Missing character: There is no a in font nullfont!
Missing character: There is no v in font nullfont!
Missing character: There is no i in font nullfont!
Missing character: There is no d in font nullfont!
Missing character: There is no N in font nullfont!
Missing character: There is no o in font nullfont!
Missing character: There is no y in font nullfont!
Missing character: There is no c in font nullfont!
Missing character: There is no e in font nullfont!

Overfull \hbox (20.0pt too wide) in paragraph at lines 1--7
[]
 []


Overfull \hbox (15.0277pt too wide) in paragraph at lines 1--7
\OT1/cmr/bx/n/10 Ti-
 []


Overfull \hbox (16.13187pt too wide) in paragraph at lines 1--7
\OT1/cmr/bx/n/10 tle:
 []


Overfull \hbox (7.7778pt too wide) in paragraph at lines 1--7
\OMS/cmsy/m/n/10 ^^X$
 []


Overfull \hbox (35.18732pt too wide) in paragraph at lines 1--7
\OT1/cmr/bx/n/10 Length
 []


Overfull \hbox (9.26384pt too wide) in paragraph at lines 1--7
\OT1/cmr/bx/n/10 of
 []


Overfull \hbox (16.13187pt too wide) in paragraph at lines 1--7
\OT1/cmr/bx/n/10 the
 []


Overfull \hbox (28.90958pt too wide) in paragraph at lines 1--7
\OT1/cmr/bx/n/10 whole
 []


Overfull \hbox (25.23596pt too wide) in paragraph at lines 1--7
\OT1/cmr/bx/n/10 tape:
 []


Overfull \hbox (55.63858pt too wide) in paragraph at lines 1--7
\OT1/cmr/bx/n/10 Meditation
 []


Overfull \hbox (25.71515pt too wide) in paragraph at lines 1--7
\OT1/cmr/bx/n/10 time:
 []


Overfull \hbox (60.0344pt too wide) in paragraph at lines 1--7
\OT1/cmr/bx/n/10 Background
 []


Overfull \hbox (19.48601pt too wide) in paragraph at lines 1--7
\OT1/cmr/bx/n/10 mu-
 []


Overfull \hbox (16.03601pt too wide) in paragraph at lines 1--7
\OT1/cmr/bx/n/10 sic:
 []


Overfull \hbox (42.9095pt too wide) in paragraph at lines 1--7
\OT1/cmr/bx/n/10 Speaker:
 []


! LaTeX Error: Missing \begin{document}.

See the LaTeX manual or LaTeX Companion for explanation.
Type  H <return>  for immediate help.
 ...                                              
                                                  
l.8 D
     uring the whole recording calm music is playing in the background. From...

You're in trouble here.  Try typing  <return>  to proceed.
If that doesn't work, type  X <return>  to quit.

Missing character: There is no D in font nullfont!
Missing character: There is no u in font nullfont!
Missing character: There is no r in font nullfont!
Missing character: There is no i in font nullfont!
Missing character: There is no n in font nullfont!
Missing character: There is no g in font nullfont!
Missing character: There is no t in font nullfont!
Missing character: There is no h in font nullfont!
Missing character: There is no e in font nullfont!
Missing character: There is no w in font nullfont!
Missing character: There is no h in font nullfont!
Missing character: There is no o in font nullfont!
Missing character: There is no l in font nullfont!
Missing character: There is no e in font nullfont!
Missing character: There is no r in font nullfont!
Missing character: There is no e in font nullfont!
Missing character: There is no c in font nullfont!
Missing character: There is no o in font nullfont!
Missing character: There is no r in font nullfont!
Missing character: There is no d in font nullfont!
Missing character: There is no i in font nullfont!
Missing character: There is no n in font nullfont!
Missing character: There is no g in font nullfont!
Missing character: There is no c in font nullfont!
Missing character: There is no a in font nullfont!
Missing character: There is no l in font nullfont!
Missing character: There is no m in font nullfont!
Missing character: There is no m in font nullfont!
Missing character: There is no u in font nullfont!
Missing character: There is no s in font nullfont!
Missing character: There is no i in font nullfont!
Missing character: There is no c in font nullfont!
Missing character: There is no i in font nullfont!
Missing character: There is no s in font nullfont!
Missing character: There is no p in font nullfont!
Missing character: There is no l in font nullfont!
Missing character: There is no a in font nullfont!
Missing character: There is no y in font nullfont!
Missing character: There is no i in font nullfont!
Missing character: There is no n in font nullfont!
Missing character: There is no g in font nullfont!
Missing character: There is no i in font nullfont!
Missing character: There is no n in font nullfont!
Missing character: There is no t in font nullfont!
Missing character: There is no h in font nullfont!
Missing character: There is no e in font nullfont!
Missing character: There is no b in font nullfont!
Missing character: There is no a in font nullfont!
Missing character: There is no c in font nullfont!
Missing character: There is no k in font nullfont!
Missing character: There is no g in font nullfont!
Missing character: There is no r in font nullfont!
Missing character: There is no o in font nullfont!
Missing character: There is no u in font nullfont!
Missing character: There is no n in font nullfont!
Missing character: There is no d in font nullfont!
Missing character: There is no . in font nullfont!
Missing character: There is no F in font nullfont!
Missing character: There is no r in font nullfont!
Missing character: There is no o in font nullfont!
Missing character: There is no m in font nullfont!
Missing character: There is no t in font nullfont!
Missing character: There is no i in font nullfont!
Missing character: There is no m in font nullfont!
Missing character: There is no e in font nullfont!
Missing character: There is no t in font nullfont!
Missing character: There is no o in font nullfont!
Missing character: There is no t in font nullfont!
Missing character: There is no i in font nullfont!
Missing character: There is no m in font nullfont!
Missing character: There is no e in font nullfont!
Missing character: There is no t in font nullfont!
Missing character: There is no h in font nullfont!
Missing character: There is no e in font nullfont!
Missing character: There is no g in font nullfont!
Missing character: There is no u in font nullfont!
Missing character: There is no i in font nullfont!
Missing character: There is no d in font nullfont!
Missing character: There is no a in font nullfont!
Missing character: There is no n in font nullfont!
Missing character: There is no c in font nullfont!
Missing character: There is no e in font nullfont!
Missing character: There is no t in font nullfont!
Missing character: There is no h in font nullfont!
Missing character: There is no r in font nullfont!
Missing character: There is no o in font nullfont!
Missing character: There is no u in font nullfont!
Missing character: There is no g in font nullfont!
Missing character: There is no h in font nullfont!
Missing character: There is no t in font nullfont!
Missing character: There is no h in font nullfont!
Missing character: There is no e in font nullfont!
Missing character: There is no m in font nullfont!
Missing character: There is no e in font nullfont!
Missing character: There is no d in font nullfont!
Missing character: There is no i in font nullfont!
Missing character: There is no t in font nullfont!
Missing character: There is no a in font nullfont!
Missing character: There is no t in font nullfont!
Missing character: There is no i in font nullfont!
Missing character: There is no o in font nullfont!
Missing character: There is no n in font nullfont!
Missing character: There is no i in font nullfont!
Missing character: There is no s in font nullfont!
Missing character: There is no p in font nullfont!
Missing character: There is no r in font nullfont!
Missing character: There is no o in font nullfont!
Missing character: There is no v in font nullfont!
Missing character: There is no i in font nullfont!
Missing character: There is no d in font nullfont!
Missing character: There is no e in font nullfont!
Missing character: There is no d in font nullfont!
Missing character: There is no b in font nullfont!
Missing character: There is no y in font nullfont!
Missing character: There is no a in font nullfont!
Missing character: There is no m in font nullfont!
Missing character: There is no a in font nullfont!
Missing character: There is no l in font nullfont!
Missing character: There is no e in font nullfont!
Missing character: There is no v in font nullfont!
Missing character: There is no o in font nullfont!
Missing character: There is no i in font nullfont!
Missing character: There is no c in font nullfont!
Missing character: There is no e in font nullfont!
Missing character: There is no , in font nullfont!
Missing character: There is no w in font nullfont!
Missing character: There is no h in font nullfont!
Missing character: There is no i in font nullfont!
Missing character: There is no c in font nullfont!
Missing character: There is no h in font nullfont!
Missing character: There is no i in font nullfont!
Missing character: There is no s in font nullfont!
Missing character: There is no i in font nullfont!
Missing character: There is no l in font nullfont!
Missing character: There is no l in font nullfont!
Missing character: There is no u in font nullfont!
Missing character: There is no s in font nullfont!
Missing character: There is no t in font nullfont!
Missing character: There is no r in font nullfont!
Missing character: There is no a in font nullfont!
Missing character: There is no t in font nullfont!
Missing character: There is no e in font nullfont!
Missing character: There is no d in font nullfont!
Missing character: There is no i in font nullfont!
Missing character: There is no n in font nullfont!
Missing character: There is no t in font nullfont!
Missing character: There is no h in font nullfont!
Missing character: There is no e in font nullfont!
Missing character: There is no t in font nullfont!
Missing character: There is no e in font nullfont!
Missing character: There is no x in font nullfont!
Missing character: There is no t in font nullfont!
Missing character: There is no b in font nullfont!
Missing character: There is no e in font nullfont!
Missing character: There is no l in font nullfont!
Missing character: There is no o in font nullfont!
Missing character: There is no w in font nullfont!
Missing character: There is no i in font nullfont!
Missing character: There is no n in font nullfont!
Missing character: There is no i in font nullfont!
Missing character: There is no t in font nullfont!
Missing character: There is no a in font nullfont!
Missing character: There is no l in font nullfont!
Missing character: There is no i in font nullfont!
Missing character: There is no c in font nullfont!
Missing character: There is no s in font nullfont!
Missing character: There is no . in font nullfont!

Overfull \hbox (20.0pt too wide) in paragraph at lines 8--9
[]
 []


! LaTeX Error: Missing \begin{document}.

See the LaTeX manual or LaTeX Companion for explanation.
Type  H <return>  for immediate help.
 ...                                              
                                                  
l.11 0
      0:01 - 1:27: \textit{Hello and welcome, this is a guided focused atten...

You're in trouble here.  Try typing  <return>  to proceed.
If that doesn't work, type  X <return>  to quit.

Missing character: There is no 0 in font nullfont!
Missing character: There is no 0 in font nullfont!
Missing character: There is no : in font nullfont!
Missing character: There is no 0 in font nullfont!
Missing character: There is no 1 in font nullfont!
Missing character: There is no - in font nullfont!
Missing character: There is no 1 in font nullfont!
Missing character: There is no : in font nullfont!
Missing character: There is no 2 in font nullfont!
Missing character: There is no 7 in font nullfont!
Missing character: There is no : in font nullfont!

Overfull \hbox (20.0pt too wide) in paragraph at lines 11--12
[]
 []


Overfull \hbox (22.76653pt too wide) in paragraph at lines 11--12
\OT1/cmr/m/it/10 Hello
 []


Overfull \hbox (15.84436pt too wide) in paragraph at lines 11--12
\OT1/cmr/m/it/10 and
 []


Overfull \hbox (17.37766pt too wide) in paragraph at lines 11--12
\OT1/cmr/m/it/10 wel-
 []


Overfull \hbox (25.04427pt too wide) in paragraph at lines 11--12
\OT1/cmr/m/it/10 come,
 []


Overfull \hbox (15.58879pt too wide) in paragraph at lines 11--12
\OT1/cmr/m/it/10 this
 []


Overfull \hbox (7.15552pt too wide) in paragraph at lines 11--12
\OT1/cmr/m/it/10 is
 []


Overfull \hbox (5.11108pt too wide) in paragraph at lines 11--12
\OT1/cmr/m/it/10 a
 []


Overfull \hbox (27.34425pt too wide) in paragraph at lines 11--12
\OT1/cmr/m/it/10 guided
 []


Overfull \hbox (11.75548pt too wide) in paragraph at lines 11--12
\OT1/cmr/m/it/10 fo-
 []


Overfull \hbox (23.25539pt too wide) in paragraph at lines 11--12
\OT1/cmr/m/it/10 cused
 []


Overfull \hbox (12.01102pt too wide) in paragraph at lines 11--12
\OT1/cmr/m/it/10 at-
 []


Overfull \hbox (17.12209pt too wide) in paragraph at lines 11--12
\OT1/cmr/m/it/10 ten-
 []


Overfull \hbox (17.12212pt too wide) in paragraph at lines 11--12
\OT1/cmr/m/it/10 tion
 []


Overfull \hbox (20.9554pt too wide) in paragraph at lines 11--12
\OT1/cmr/m/it/10 med-
 []


Overfull \hbox (6.6444pt too wide) in paragraph at lines 11--12
\OT1/cmr/m/it/10 i-
 []


Overfull \hbox (12.01102pt too wide) in paragraph at lines 11--12
\OT1/cmr/m/it/10 ta-
 []


Overfull \hbox (17.12212pt too wide) in paragraph at lines 11--12
\OT1/cmr/m/it/10 tion
 []


Overfull \hbox (8.68884pt too wide) in paragraph at lines 11--12
\OT1/cmr/m/it/10 in
 []


Overfull \hbox (24.53319pt too wide) in paragraph at lines 11--12
\OT1/cmr/m/it/10 which
 []


Overfull \hbox (15.33325pt too wide) in paragraph at lines 11--12
\OT1/cmr/m/it/10 will
 []


Overfull \hbox (8.6888pt too wide) in paragraph at lines 11--12
\OT1/cmr/m/it/10 be
 []


Overfull \hbox (11.75548pt too wide) in paragraph at lines 11--12
\OT1/cmr/m/it/10 fo-
 []


Overfull \hbox (17.63321pt too wide) in paragraph at lines 11--12
\OT1/cmr/m/it/10 cus-
 []


Overfull \hbox (13.2888pt too wide) in paragraph at lines 11--12
\OT1/cmr/m/it/10 ing
 []


Overfull \hbox (14.69435pt too wide) in paragraph at lines 11--12
\OT1/cmr/m/it/10 our
 []


Overfull \hbox (12.01102pt too wide) in paragraph at lines 11--12
\OT1/cmr/m/it/10 at-
 []


Overfull \hbox (17.12209pt too wide) in paragraph at lines 11--12
\OT1/cmr/m/it/10 ten-
 []


Overfull \hbox (17.12212pt too wide) in paragraph at lines 11--12
\OT1/cmr/m/it/10 tion
 []


Overfull \hbox (10.73328pt too wide) in paragraph at lines 11--12
\OT1/cmr/m/it/10 on
 []


Overfull \hbox (13.03323pt too wide) in paragraph at lines 11--12
\OT1/cmr/m/it/10 the
 []


Overfull \hbox (17.88876pt too wide) in paragraph at lines 11--12
\OT1/cmr/m/it/10 sen-
 []


Overfull \hbox (12.7777pt too wide) in paragraph at lines 11--12
\OT1/cmr/m/it/10 sa-
 []


Overfull \hbox (21.21098pt too wide) in paragraph at lines 11--12
\OT1/cmr/m/it/10 tions
 []


Overfull \hbox (11.24437pt too wide) in paragraph at lines 11--12
\OT1/cmr/m/it/10 we
 []


Overfull \hbox (14.82211pt too wide) in paragraph at lines 11--12
\OT1/cmr/m/it/10 can
 []


Overfull \hbox (14.31099pt too wide) in paragraph at lines 11--12
\OT1/cmr/m/it/10 feel
 []


Overfull \hbox (30.02759pt too wide) in paragraph at lines 11--12
\OT1/cmr/m/it/10 around
 []


Overfull \hbox (14.69435pt too wide) in paragraph at lines 11--12
\OT1/cmr/m/it/10 our
 []


Overfull \hbox (17.63321pt too wide) in paragraph at lines 11--12
\OT1/cmr/m/it/10 nat-
 []


Overfull \hbox (8.94438pt too wide) in paragraph at lines 11--12
\OT1/cmr/m/it/10 u-
 []


Overfull \hbox (11.37213pt too wide) in paragraph at lines 11--12
\OT1/cmr/m/it/10 ral
 []


Overfull \hbox (29.5164pt too wide) in paragraph at lines 11--12
\OT1/cmr/m/it/10 breath-
 []


Overfull \hbox (13.2888pt too wide) in paragraph at lines 11--12
\OT1/cmr/m/it/10 ing
 []


Overfull \hbox (17.50542pt too wide) in paragraph at lines 11--12
\OT1/cmr/m/it/10 pro-
 []


Overfull \hbox (19.93318pt too wide) in paragraph at lines 11--12
\OT1/cmr/m/it/10 cess.
 []


Overfull \hbox (17.2499pt too wide) in paragraph at lines 11--12
\OT1/cmr/m/it/10 Our
 []


Overfull \hbox (29.5164pt too wide) in paragraph at lines 11--12
\OT1/cmr/m/it/10 breath-
 []


Overfull \hbox (13.2888pt too wide) in paragraph at lines 11--12
\OT1/cmr/m/it/10 ing
 []


Overfull \hbox (7.15552pt too wide) in paragraph at lines 11--12
\OT1/cmr/m/it/10 is
 []


Overfull \hbox (25.55539pt too wide) in paragraph at lines 11--12
\OT1/cmr/m/it/10 some-
 []


Overfull \hbox (21.72208pt too wide) in paragraph at lines 11--12
\OT1/cmr/m/it/10 thing
 []


Overfull \hbox (11.24437pt too wide) in paragraph at lines 11--12
\OT1/cmr/m/it/10 we
 []


Overfull \hbox (14.82211pt too wide) in paragraph at lines 11--12
\OT1/cmr/m/it/10 can
 []


Overfull \hbox (11.24437pt too wide) in paragraph at lines 11--12
\OT1/cmr/m/it/10 al-
 []


Overfull \hbox (20.69987pt too wide) in paragraph at lines 11--12
\OT1/cmr/m/it/10 ways
 []


Overfull \hbox (14.31099pt too wide) in paragraph at lines 11--12
\OT1/cmr/m/it/10 feel
 []


Overfull \hbox (17.63321pt too wide) in paragraph at lines 11--12
\OT1/cmr/m/it/10 nat-
 []


Overfull \hbox (8.94438pt too wide) in paragraph at lines 11--12
\OT1/cmr/m/it/10 u-
 []


Overfull \hbox (11.37213pt too wide) in paragraph at lines 11--12
\OT1/cmr/m/it/10 ral
 []


Overfull \hbox (18.911pt too wide) in paragraph at lines 11--12
\OT1/cmr/m/it/10 hap-
 []


Overfull \hbox (18.39986pt too wide) in paragraph at lines 11--12
\OT1/cmr/m/it/10 pen-
 []


Overfull \hbox (16.35545pt too wide) in paragraph at lines 11--12
\OT1/cmr/m/it/10 ing,
 []


Overfull \hbox (15.84436pt too wide) in paragraph at lines 11--12
\OT1/cmr/m/it/10 and
 []


Overfull \hbox (11.75548pt too wide) in paragraph at lines 11--12
\OT1/cmr/m/it/10 fo-
 []


Overfull \hbox (17.63321pt too wide) in paragraph at lines 11--12
\OT1/cmr/m/it/10 cus-
 []


Overfull \hbox (13.2888pt too wide) in paragraph at lines 11--12
\OT1/cmr/m/it/10 ing
 []


Overfull \hbox (10.73328pt too wide) in paragraph at lines 11--12
\OT1/cmr/m/it/10 on
 []


Overfull \hbox (6.38884pt too wide) in paragraph at lines 11--12
\OT1/cmr/m/it/10 it
 []


Overfull \hbox (14.82211pt too wide) in paragraph at lines 11--12
\OT1/cmr/m/it/10 can
 []


Overfull \hbox (17.37767pt too wide) in paragraph at lines 11--12
\OT1/cmr/m/it/10 help
 []


Overfull \hbox (9.4555pt too wide) in paragraph at lines 11--12
\OT1/cmr/m/it/10 us
 []


Overfull \hbox (8.43327pt too wide) in paragraph at lines 11--12
\OT1/cmr/m/it/10 to
 []


Overfull \hbox (8.6888pt too wide) in paragraph at lines 11--12
\OT1/cmr/m/it/10 be
 []


Overfull \hbox (18.911pt too wide) in paragraph at lines 11--12
\OT1/cmr/m/it/10 fully
 []


Overfull \hbox (31.04976pt too wide) in paragraph at lines 11--12
\OT1/cmr/m/it/10 present
 []


Overfull \hbox (15.84436pt too wide) in paragraph at lines 11--12
\OT1/cmr/m/it/10 and
 []


Overfull \hbox (8.43327pt too wide) in paragraph at lines 11--12
\OT1/cmr/m/it/10 to
 []


Overfull \hbox (17.6332pt too wide) in paragraph at lines 11--12
\OT1/cmr/m/it/10 take
 []


Overfull \hbox (5.11108pt too wide) in paragraph at lines 11--12
\OT1/cmr/m/it/10 a
 []


Overfull \hbox (22.10535pt too wide) in paragraph at lines 11--12
\OT1/cmr/m/it/10 break
 []


Overfull \hbox (20.06097pt too wide) in paragraph at lines 11--12
\OT1/cmr/m/it/10 from
 []


Overfull \hbox (11.75548pt too wide) in paragraph at lines 11--12
\OT1/cmr/m/it/10 fo-
 []


Overfull \hbox (17.63321pt too wide) in paragraph at lines 11--12
\OT1/cmr/m/it/10 cus-
 []


Overfull \hbox (13.2888pt too wide) in paragraph at lines 11--12
\OT1/cmr/m/it/10 ing
 []


Overfull \hbox (10.73328pt too wide) in paragraph at lines 11--12
\OT1/cmr/m/it/10 on
 []


Overfull \hbox (25.29982pt too wide) in paragraph at lines 11--12
\OT1/cmr/m/it/10 think-
 []


Overfull \hbox (16.35545pt too wide) in paragraph at lines 11--12
\OT1/cmr/m/it/10 ing.
 []


Overfull \hbox (3.85553pt too wide) in paragraph at lines 11--12
\OT1/cmr/m/it/10 I
 []


Overfull \hbox (15.33325pt too wide) in paragraph at lines 11--12
\OT1/cmr/m/it/10 will
 []


Overfull \hbox (14.05547pt too wide) in paragraph at lines 11--12
\OT1/cmr/m/it/10 say
 []


Overfull \hbox (5.11108pt too wide) in paragraph at lines 11--12
\OT1/cmr/m/it/10 a
 []


Overfull \hbox (18.1443pt too wide) in paragraph at lines 11--12
\OT1/cmr/m/it/10 cou-
 []


Overfull \hbox (12.26659pt too wide) in paragraph at lines 11--12
\OT1/cmr/m/it/10 ple
 []


Overfull \hbox (8.17773pt too wide) in paragraph at lines 11--12
\OT1/cmr/m/it/10 of
 []


Overfull \hbox (25.81094pt too wide) in paragraph at lines 11--12
\OT1/cmr/m/it/10 things
 []


Overfull \hbox (22.99983pt too wide) in paragraph at lines 11--12
\OT1/cmr/m/it/10 about
 []


Overfull \hbox (15.58879pt too wide) in paragraph at lines 11--12
\OT1/cmr/m/it/10 this
 []


Overfull \hbox (20.9554pt too wide) in paragraph at lines 11--12
\OT1/cmr/m/it/10 med-
 []


Overfull \hbox (6.6444pt too wide) in paragraph at lines 11--12
\OT1/cmr/m/it/10 i-
 []


Overfull \hbox (12.01102pt too wide) in paragraph at lines 11--12
\OT1/cmr/m/it/10 ta-
 []


Overfull \hbox (20.18877pt too wide) in paragraph at lines 11--12
\OT1/cmr/m/it/10 tion,
 []


Overfull \hbox (15.84436pt too wide) in paragraph at lines 11--12
\OT1/cmr/m/it/10 and
 []


Overfull \hbox (18.65543pt too wide) in paragraph at lines 11--12
\OT1/cmr/m/it/10 then
 []


Overfull \hbox (15.33324pt too wide) in paragraph at lines 11--12
\OT1/cmr/m/it/10 you
 []


Overfull \hbox (15.33325pt too wide) in paragraph at lines 11--12
\OT1/cmr/m/it/10 will
 []


Overfull \hbox (18.52763pt too wide) in paragraph at lines 11--12
\OT1/cmr/m/it/10 hear
 []


Overfull \hbox (5.11108pt too wide) in paragraph at lines 11--12
\OT1/cmr/m/it/10 a
 []


Overfull \hbox (14.31099pt too wide) in paragraph at lines 11--12
\OT1/cmr/m/it/10 bell
 []


Overfull \hbox (17.50543pt too wide) in paragraph at lines 11--12
\OT1/cmr/m/it/10 ring
 []


Overfull \hbox (20.82758pt too wide) in paragraph at lines 11--12
\OT1/cmr/m/it/10 three
 []


Overfull \hbox (23.2554pt too wide) in paragraph at lines 11--12
\OT1/cmr/m/it/10 times
 []


Overfull \hbox (8.43327pt too wide) in paragraph at lines 11--12
\OT1/cmr/m/it/10 to
 []


Overfull \hbox (12.26654pt too wide) in paragraph at lines 11--12
\OT1/cmr/m/it/10 be-
 []


Overfull \hbox (16.35545pt too wide) in paragraph at lines 11--12
\OT1/cmr/m/it/10 gin.
 []


Overfull \hbox (27.08871pt too wide) in paragraph at lines 11--12
\OT1/cmr/m/it/10 Some-
 []


Overfull \hbox (26.32205pt too wide) in paragraph at lines 11--12
\OT1/cmr/m/it/10 times,
 []


Overfull \hbox (9.19995pt too wide) in paragraph at lines 11--12
\OT1/cmr/m/it/10 as
 []


Overfull \hbox (11.24437pt too wide) in paragraph at lines 11--12
\OT1/cmr/m/it/10 we
 []


Overfull \hbox (13.41655pt too wide) in paragraph at lines 11--12
\OT1/cmr/m/it/10 are
 []


Overfull \hbox (15.97208pt too wide) in paragraph at lines 11--12
\OT1/cmr/m/it/10 try-
 []


Overfull \hbox (13.2888pt too wide) in paragraph at lines 11--12
\OT1/cmr/m/it/10 ing
 []


Overfull \hbox (8.43327pt too wide) in paragraph at lines 11--12
\OT1/cmr/m/it/10 to
 []


Overfull \hbox (11.75548pt too wide) in paragraph at lines 11--12
\OT1/cmr/m/it/10 fo-
 []


Overfull \hbox (14.05547pt too wide) in paragraph at lines 11--12
\OT1/cmr/m/it/10 cus
 []


Overfull \hbox (10.73328pt too wide) in paragraph at lines 11--12
\OT1/cmr/m/it/10 on
 []


Overfull \hbox (13.03323pt too wide) in paragraph at lines 11--12
\OT1/cmr/m/it/10 the
 []


Overfull \hbox (17.88876pt too wide) in paragraph at lines 11--12
\OT1/cmr/m/it/10 sen-
 []


Overfull \hbox (12.7777pt too wide) in paragraph at lines 11--12
\OT1/cmr/m/it/10 sa-
 []


Overfull \hbox (17.12212pt too wide) in paragraph at lines 11--12
\OT1/cmr/m/it/10 tion
 []


Overfull \hbox (8.17773pt too wide) in paragraph at lines 11--12
\OT1/cmr/m/it/10 of
 []


Overfull \hbox (29.5164pt too wide) in paragraph at lines 11--12
\OT1/cmr/m/it/10 breath-
 []


Overfull \hbox (13.2888pt too wide) in paragraph at lines 11--12
\OT1/cmr/m/it/10 ing
 []


Overfull \hbox (11.24437pt too wide) in paragraph at lines 11--12
\OT1/cmr/m/it/10 we
 []


Overfull \hbox (24.27762pt too wide) in paragraph at lines 11--12
\OT1/cmr/m/it/10 might
 []


Overfull \hbox (16.35547pt too wide) in paragraph at lines 11--12
\OT1/cmr/m/it/10 find
 []


Overfull \hbox (14.69435pt too wide) in paragraph at lines 11--12
\OT1/cmr/m/it/10 our
 []


Overfull \hbox (21.97766pt too wide) in paragraph at lines 11--12
\OT1/cmr/m/it/10 mind
 []


Overfull \hbox (16.09985pt too wide) in paragraph at lines 11--12
\OT1/cmr/m/it/10 get-
 []


Overfull \hbox (16.611pt too wide) in paragraph at lines 11--12
\OT1/cmr/m/it/10 ting
 []


Overfull \hbox (15.84435pt too wide) in paragraph at lines 11--12
\OT1/cmr/m/it/10 dis-
 []


Overfull \hbox (32.3275pt too wide) in paragraph at lines 11--12
\OT1/cmr/m/it/10 tracted,
 []


Overfull \hbox (15.84436pt too wide) in paragraph at lines 11--12
\OT1/cmr/m/it/10 and
 []


Overfull \hbox (15.58879pt too wide) in paragraph at lines 11--12
\OT1/cmr/m/it/10 this
 []


Overfull \hbox (7.15552pt too wide) in paragraph at lines 11--12
\OT1/cmr/m/it/10 is
 []


Overfull \hbox (5.11108pt too wide) in paragraph at lines 11--12
\OT1/cmr/m/it/10 a
 []


Overfull \hbox (12.01102pt too wide) in paragraph at lines 11--12
\OT1/cmr/m/it/10 to-
 []


Overfull \hbox (10.98882pt too wide) in paragraph at lines 11--12
\OT1/cmr/m/it/10 tal
 []


Overfull \hbox (17.63321pt too wide) in paragraph at lines 11--12
\OT1/cmr/m/it/10 nat-
 []


Overfull \hbox (8.94438pt too wide) in paragraph at lines 11--12
\OT1/cmr/m/it/10 u-
 []


Overfull \hbox (11.37213pt too wide) in paragraph at lines 11--12
\OT1/cmr/m/it/10 ral
 []


Overfull \hbox (17.24986pt too wide) in paragraph at lines 11--12
\OT1/cmr/m/it/10 part
 []


Overfull \hbox (8.17773pt too wide) in paragraph at lines 11--12
\OT1/cmr/m/it/10 of
 []


Overfull \hbox (20.9554pt too wide) in paragraph at lines 11--12
\OT1/cmr/m/it/10 med-
 []


Overfull \hbox (6.6444pt too wide) in paragraph at lines 11--12
\OT1/cmr/m/it/10 i-
 []


Overfull \hbox (12.01102pt too wide) in paragraph at lines 11--12
\OT1/cmr/m/it/10 ta-
 []


Overfull \hbox (20.18877pt too wide) in paragraph at lines 11--12
\OT1/cmr/m/it/10 tion,
 []


Overfull \hbox (6.38884pt too wide) in paragraph at lines 11--12
\OT1/cmr/m/it/10 it
 []


Overfull \hbox (18.39987pt too wide) in paragraph at lines 11--12
\OT1/cmr/m/it/10 does
 []


Overfull \hbox (14.05547pt too wide) in paragraph at lines 11--12
\OT1/cmr/m/it/10 not
 []


Overfull \hbox (22.99985pt too wide) in paragraph at lines 11--12
\OT1/cmr/m/it/10 mean
 []


Overfull \hbox (16.86655pt too wide) in paragraph at lines 11--12
\OT1/cmr/m/it/10 that
 []


Overfull \hbox (11.24437pt too wide) in paragraph at lines 11--12
\OT1/cmr/m/it/10 we
 []


Overfull \hbox (13.41655pt too wide) in paragraph at lines 11--12
\OT1/cmr/m/it/10 are
 []


Overfull \hbox (13.79991pt too wide) in paragraph at lines 11--12
\OT1/cmr/m/it/10 do-
 []


Overfull \hbox (13.2888pt too wide) in paragraph at lines 11--12
\OT1/cmr/m/it/10 ing
 []


Overfull \hbox (6.38884pt too wide) in paragraph at lines 11--12
\OT1/cmr/m/it/10 it
 []


Overfull \hbox (28.7498pt too wide) in paragraph at lines 11--12
\OT1/cmr/m/it/10 wrong,
 []


Overfull \hbox (10.73328pt too wide) in paragraph at lines 11--12
\OT1/cmr/m/it/10 all
 []


Overfull \hbox (11.24437pt too wide) in paragraph at lines 11--12
\OT1/cmr/m/it/10 we
 []


Overfull \hbox (14.82211pt too wide) in paragraph at lines 11--12
\OT1/cmr/m/it/10 can
 []


Overfull \hbox (10.22217pt too wide) in paragraph at lines 11--12
\OT1/cmr/m/it/10 do
 []


Overfull \hbox (8.68884pt too wide) in paragraph at lines 11--12
\OT1/cmr/m/it/10 in
 []


Overfull \hbox (22.23318pt too wide) in paragraph at lines 11--12
\OT1/cmr/m/it/10 those
 []


Overfull \hbox (16.86656pt too wide) in paragraph at lines 11--12
\OT1/cmr/m/it/10 mo-
 []


Overfull \hbox (25.81094pt too wide) in paragraph at lines 11--12
\OT1/cmr/m/it/10 ments
 []


Overfull \hbox (7.15552pt too wide) in paragraph at lines 11--12
\OT1/cmr/m/it/10 is
 []


Overfull \hbox (14.31102pt too wide) in paragraph at lines 11--12
\OT1/cmr/m/it/10 no-
 []


Overfull \hbox (15.07764pt too wide) in paragraph at lines 11--12
\OT1/cmr/m/it/10 tice
 []


Overfull \hbox (16.86655pt too wide) in paragraph at lines 11--12
\OT1/cmr/m/it/10 that
 []


Overfull \hbox (11.24437pt too wide) in paragraph at lines 11--12
\OT1/cmr/m/it/10 we
 []


Overfull \hbox (19.42209pt too wide) in paragraph at lines 11--12
\OT1/cmr/m/it/10 have
 []


Overfull \hbox (18.39983pt too wide) in paragraph at lines 11--12
\OT1/cmr/m/it/10 been
 []


Overfull \hbox (21.97762pt too wide) in paragraph at lines 11--12
\OT1/cmr/m/it/10 come
 []


Overfull \hbox (15.84435pt too wide) in paragraph at lines 11--12
\OT1/cmr/m/it/10 dis-
 []


Overfull \hbox (29.26085pt too wide) in paragraph at lines 11--12
\OT1/cmr/m/it/10 tracted
 []


Overfull \hbox (15.84436pt too wide) in paragraph at lines 11--12
\OT1/cmr/m/it/10 and
 []


Overfull \hbox (21.72208pt too wide) in paragraph at lines 11--12
\OT1/cmr/m/it/10 with-
 []


Overfull \hbox (13.79991pt too wide) in paragraph at lines 11--12
\OT1/cmr/m/it/10 out
 []


Overfull \hbox (21.72208pt too wide) in paragraph at lines 11--12
\OT1/cmr/m/it/10 judg-
 []


Overfull \hbox (13.2888pt too wide) in paragraph at lines 11--12
\OT1/cmr/m/it/10 ing
 []


Overfull \hbox (14.69435pt too wide) in paragraph at lines 11--12
\OT1/cmr/m/it/10 our
 []


Overfull \hbox (27.59981pt too wide) in paragraph at lines 11--12
\OT1/cmr/m/it/10 selves,
 []


Overfull \hbox (11.88321pt too wide) in paragraph at lines 11--12
\OT1/cmr/m/it/10 re-
 []


Overfull \hbox (24.53317pt too wide) in paragraph at lines 11--12
\OT1/cmr/m/it/10 mem-
 []


Overfull \hbox (12.90543pt too wide) in paragraph at lines 11--12
\OT1/cmr/m/it/10 ber
 []


Overfull \hbox (14.69435pt too wide) in paragraph at lines 11--12
\OT1/cmr/m/it/10 our
 []


Overfull \hbox (12.26659pt too wide) in paragraph at lines 11--12
\OT1/cmr/m/it/10 in-
 []


Overfull \hbox (17.12209pt too wide) in paragraph at lines 11--12
\OT1/cmr/m/it/10 ten-
 []


Overfull \hbox (17.12212pt too wide) in paragraph at lines 11--12
\OT1/cmr/m/it/10 tion
 []


Overfull \hbox (8.43327pt too wide) in paragraph at lines 11--12
\OT1/cmr/m/it/10 to
 []


Overfull \hbox (11.75548pt too wide) in paragraph at lines 11--12
\OT1/cmr/m/it/10 fo-
 []


Overfull \hbox (14.05547pt too wide) in paragraph at lines 11--12
\OT1/cmr/m/it/10 cus
 []


Overfull \hbox (10.73328pt too wide) in paragraph at lines 11--12
\OT1/cmr/m/it/10 on
 []


Overfull \hbox (13.03323pt too wide) in paragraph at lines 11--12
\OT1/cmr/m/it/10 the
 []


Overfull \hbox (17.88876pt too wide) in paragraph at lines 11--12
\OT1/cmr/m/it/10 sen-
 []


Overfull \hbox (12.7777pt too wide) in paragraph at lines 11--12
\OT1/cmr/m/it/10 sa-
 []


Overfull \hbox (17.12212pt too wide) in paragraph at lines 11--12
\OT1/cmr/m/it/10 tion
 []


Overfull \hbox (8.17773pt too wide) in paragraph at lines 11--12
\OT1/cmr/m/it/10 of
 []


Overfull \hbox (29.5164pt too wide) in paragraph at lines 11--12
\OT1/cmr/m/it/10 breath-
 []


Overfull \hbox (16.35545pt too wide) in paragraph at lines 11--12
\OT1/cmr/m/it/10 ing,
 []


Overfull \hbox (10.73328pt too wide) in paragraph at lines 11--12
\OT1/cmr/m/it/10 no
 []


Overfull \hbox (20.18875pt too wide) in paragraph at lines 11--12
\OT1/cmr/m/it/10 mat-
 []


Overfull \hbox (12.13878pt too wide) in paragraph at lines 11--12
\OT1/cmr/m/it/10 ter
 []


Overfull \hbox (16.86658pt too wide) in paragraph at lines 11--12
\OT1/cmr/m/it/10 how
 []


Overfull \hbox (23.76653pt too wide) in paragraph at lines 11--12
\OT1/cmr/m/it/10 many
 []


Overfull \hbox (23.2554pt too wide) in paragraph at lines 11--12
\OT1/cmr/m/it/10 times
 []


Overfull \hbox (14.69435pt too wide) in paragraph at lines 11--12
\OT1/cmr/m/it/10 our
 []


Overfull \hbox (12.01102pt too wide) in paragraph at lines 11--12
\OT1/cmr/m/it/10 at-
 []


Overfull \hbox (17.12209pt too wide) in paragraph at lines 11--12
\OT1/cmr/m/it/10 ten-
 []


Overfull \hbox (17.12212pt too wide) in paragraph at lines 11--12
\OT1/cmr/m/it/10 tion
 []


Overfull \hbox (20.95543pt too wide) in paragraph at lines 11--12
\OT1/cmr/m/it/10 won-
 []


Overfull \hbox (21.08319pt too wide) in paragraph at lines 11--12
\OT1/cmr/m/it/10 ders,
 []


Overfull \hbox (11.24437pt too wide) in paragraph at lines 11--12
\OT1/cmr/m/it/10 we
 []


Overfull \hbox (21.59428pt too wide) in paragraph at lines 11--12
\OT1/cmr/m/it/10 learn
 []


Overfull \hbox (8.43327pt too wide) in paragraph at lines 11--12
\OT1/cmr/m/it/10 to
 []


Overfull \hbox (15.84435pt too wide) in paragraph at lines 11--12
\OT1/cmr/m/it/10 just
 []


Overfull \hbox (14.31102pt too wide) in paragraph at lines 11--12
\OT1/cmr/m/it/10 no-
 []


Overfull \hbox (15.07764pt too wide) in paragraph at lines 11--12
\OT1/cmr/m/it/10 tice
 []


Overfull \hbox (15.84436pt too wide) in paragraph at lines 11--12
\OT1/cmr/m/it/10 and
 []


Overfull \hbox (18.39986pt too wide) in paragraph at lines 11--12
\OT1/cmr/m/it/10 gen-
 []


Overfull \hbox (10.73325pt too wide) in paragraph at lines 11--12
\OT1/cmr/m/it/10 tly
 []


Overfull \hbox (22.1054pt too wide) in paragraph at lines 11--12
\OT1/cmr/m/it/10 bring
 []


Overfull \hbox (6.38884pt too wide) in paragraph at lines 11--12
\OT1/cmr/m/it/10 it
 []


Overfull \hbox (18.39984pt too wide) in paragraph at lines 11--12
\OT1/cmr/m/it/10 back
 []


Overfull \hbox (8.43327pt too wide) in paragraph at lines 11--12
\OT1/cmr/m/it/10 to
 []


Overfull \hbox (13.03323pt too wide) in paragraph at lines 11--12
\OT1/cmr/m/it/10 the
 []


Overfull \hbox (17.88876pt too wide) in paragraph at lines 11--12
\OT1/cmr/m/it/10 sen-
 []


Overfull \hbox (12.7777pt too wide) in paragraph at lines 11--12
\OT1/cmr/m/it/10 sa-
 []


Overfull \hbox (17.12212pt too wide) in paragraph at lines 11--12
\OT1/cmr/m/it/10 tion
 []


Overfull \hbox (8.17773pt too wide) in paragraph at lines 11--12
\OT1/cmr/m/it/10 of
 []


Overfull \hbox (29.5164pt too wide) in paragraph at lines 11--12
\OT1/cmr/m/it/10 breath-
 []


Overfull \hbox (16.35545pt too wide) in paragraph at lines 11--12
\OT1/cmr/m/it/10 ing,
 []


Overfull \hbox (6.38884pt too wide) in paragraph at lines 11--12
\OT1/cmr/m/it/10 it
 []


Overfull \hbox (24.27762pt too wide) in paragraph at lines 11--12
\OT1/cmr/m/it/10 might
 []


Overfull \hbox (17.37767pt too wide) in paragraph at lines 11--12
\OT1/cmr/m/it/10 help
 []


Overfull \hbox (8.43327pt too wide) in paragraph at lines 11--12
\OT1/cmr/m/it/10 to
 []


Overfull \hbox (18.39984pt too wide) in paragraph at lines 11--12
\OT1/cmr/m/it/10 keep
 []


Overfull \hbox (14.69435pt too wide) in paragraph at lines 11--12
\OT1/cmr/m/it/10 our
 []


Overfull \hbox (11.75548pt too wide) in paragraph at lines 11--12
\OT1/cmr/m/it/10 fo-
 []


Overfull \hbox (14.05547pt too wide) in paragraph at lines 11--12
\OT1/cmr/m/it/10 cus
 []


Overfull \hbox (25.55539pt too wide) in paragraph at lines 11--12
\OT1/cmr/m/it/10 some-
 []


Overfull \hbox (24.66092pt too wide) in paragraph at lines 11--12
\OT1/cmr/m/it/10 where
 []


Overfull \hbox (8.68884pt too wide) in paragraph at lines 11--12
\OT1/cmr/m/it/10 in
 []


Overfull \hbox (13.03323pt too wide) in paragraph at lines 11--12
\OT1/cmr/m/it/10 the
 []


Overfull \hbox (18.6554pt too wide) in paragraph at lines 11--12
\OT1/cmr/m/it/10 body
 []


Overfull \hbox (24.66092pt too wide) in paragraph at lines 11--12
\OT1/cmr/m/it/10 where
 []


Overfull \hbox (11.24437pt too wide) in paragraph at lines 11--12
\OT1/cmr/m/it/10 we
 []


Overfull \hbox (14.82211pt too wide) in paragraph at lines 11--12
\OT1/cmr/m/it/10 can
 []


Overfull \hbox (14.31099pt too wide) in paragraph at lines 11--12
\OT1/cmr/m/it/10 feel
 []


Overfull \hbox (13.03323pt too wide) in paragraph at lines 11--12
\OT1/cmr/m/it/10 the
 []


Overfull \hbox (17.88876pt too wide) in paragraph at lines 11--12
\OT1/cmr/m/it/10 sen-
 []


Overfull \hbox (12.7777pt too wide) in paragraph at lines 11--12
\OT1/cmr/m/it/10 sa-
 []


Overfull \hbox (17.12212pt too wide) in paragraph at lines 11--12
\OT1/cmr/m/it/10 tion
 []


Overfull \hbox (8.17773pt too wide) in paragraph at lines 11--12
\OT1/cmr/m/it/10 of
 []


Overfull \hbox (29.5164pt too wide) in paragraph at lines 11--12
\OT1/cmr/m/it/10 breath-
 []


Overfull \hbox (13.2888pt too wide) in paragraph at lines 11--12
\OT1/cmr/m/it/10 ing
 []


Overfull \hbox (31.04976pt too wide) in paragraph at lines 11--12
\OT1/cmr/m/it/10 clearly.
 []


Overfull \hbox (10.73328pt too wide) in paragraph at lines 11--12
\OT1/cmr/m/it/10 So
 []


Overfull \hbox (17.37769pt too wide) in paragraph at lines 11--12
\OT1/cmr/m/it/10 now
 []


Overfull \hbox (10.47769pt too wide) in paragraph at lines 11--12
\OT1/cmr/m/it/10 let
 []


Overfull \hbox (11.75548pt too wide) in paragraph at lines 11--12
\OT1/cmr/m/it/10 fo-
 []


Overfull \hbox (14.05547pt too wide) in paragraph at lines 11--12
\OT1/cmr/m/it/10 cus
 []


Overfull \hbox (10.73328pt too wide) in paragraph at lines 11--12
\OT1/cmr/m/it/10 on
 []


Overfull \hbox (14.69435pt too wide) in paragraph at lines 11--12
\OT1/cmr/m/it/10 our
 []


Overfull \hbox (12.01102pt too wide) in paragraph at lines 11--12
\OT1/cmr/m/it/10 at-
 []


Overfull \hbox (17.12209pt too wide) in paragraph at lines 11--12
\OT1/cmr/m/it/10 ten-
 []


Overfull \hbox (17.12212pt too wide) in paragraph at lines 11--12
\OT1/cmr/m/it/10 tion
 []


Overfull \hbox (10.73328pt too wide) in paragraph at lines 11--12
\OT1/cmr/m/it/10 on
 []


Overfull \hbox (13.03323pt too wide) in paragraph at lines 11--12
\OT1/cmr/m/it/10 the
 []


Overfull \hbox (17.63321pt too wide) in paragraph at lines 11--12
\OT1/cmr/m/it/10 nat-
 []


Overfull \hbox (8.94438pt too wide) in paragraph at lines 11--12
\OT1/cmr/m/it/10 u-
 []


Overfull \hbox (11.37213pt too wide) in paragraph at lines 11--12
\OT1/cmr/m/it/10 ral
 []


Overfull \hbox (17.88876pt too wide) in paragraph at lines 11--12
\OT1/cmr/m/it/10 sen-
 []


Overfull \hbox (12.7777pt too wide) in paragraph at lines 11--12
\OT1/cmr/m/it/10 sa-
 []


Overfull \hbox (17.12212pt too wide) in paragraph at lines 11--12
\OT1/cmr/m/it/10 tion
 []


Overfull \hbox (8.17773pt too wide) in paragraph at lines 11--12
\OT1/cmr/m/it/10 of
 []


Overfull \hbox (29.5164pt too wide) in paragraph at lines 11--12
\OT1/cmr/m/it/10 breath-
 []


Overfull \hbox (16.35545pt too wide) in paragraph at lines 11--12
\OT1/cmr/m/it/10 ing.
 []


Overfull \hbox (7.17772pt too wide) in paragraph at lines 11--12
\OT1/cmr/m/it/10 It
 []


Overfull \hbox (24.27762pt too wide) in paragraph at lines 11--12
\OT1/cmr/m/it/10 might
 []


Overfull \hbox (17.37767pt too wide) in paragraph at lines 11--12
\OT1/cmr/m/it/10 help
 []


Overfull \hbox (9.4555pt too wide) in paragraph at lines 11--12
\OT1/cmr/m/it/10 us
 []


Overfull \hbox (8.43327pt too wide) in paragraph at lines 11--12
\OT1/cmr/m/it/10 to
 []


Overfull \hbox (20.06096pt too wide) in paragraph at lines 11--12
\OT1/cmr/m/it/10 start
 []


Overfull \hbox (13.79991pt too wide) in paragraph at lines 11--12
\OT1/cmr/m/it/10 out
 []


Overfull \hbox (18.14433pt too wide) in paragraph at lines 11--12
\OT1/cmr/m/it/10 with
 []


Overfull \hbox (5.11108pt too wide) in paragraph at lines 11--12
\OT1/cmr/m/it/10 a
 []


Overfull \hbox (14.31102pt too wide) in paragraph at lines 11--12
\OT1/cmr/m/it/10 few
 []


Overfull \hbox (18.91096pt too wide) in paragraph at lines 11--12
\OT1/cmr/m/it/10 deep
 []


Overfull \hbox (18.3999pt too wide) in paragraph at lines 11--12
\OT1/cmr/m/it/10 slow
 []


Overfull \hbox (33.09418pt too wide) in paragraph at lines 11--12
\OT1/cmr/m/it/10 breaths,
 []


Overfull \hbox (14.82213pt too wide) in paragraph at lines 11--12
\OT1/cmr/m/it/10 fill-
 []


Overfull \hbox (13.2888pt too wide) in paragraph at lines 11--12
\OT1/cmr/m/it/10 ing
 []


Overfull \hbox (14.69435pt too wide) in paragraph at lines 11--12
\OT1/cmr/m/it/10 our
 []


Overfull \hbox (22.2332pt too wide) in paragraph at lines 11--12
\OT1/cmr/m/it/10 lungs
 []


Overfull \hbox (18.14433pt too wide) in paragraph at lines 11--12
\OT1/cmr/m/it/10 with
 []


Overfull \hbox (15.46101pt too wide) in paragraph at lines 11--12
\OT1/cmr/m/it/10 air,
 []


Overfull \hbox (15.84436pt too wide) in paragraph at lines 11--12
\OT1/cmr/m/it/10 and
 []


Overfull \hbox (29.5164pt too wide) in paragraph at lines 11--12
\OT1/cmr/m/it/10 breath-
 []


Overfull \hbox (13.2888pt too wide) in paragraph at lines 11--12
\OT1/cmr/m/it/10 ing
 []


Overfull \hbox (13.79991pt too wide) in paragraph at lines 11--12
\OT1/cmr/m/it/10 out
 []


Overfull \hbox (19.54987pt too wide) in paragraph at lines 11--12
\OT1/cmr/m/it/10 wor-
 []


Overfull \hbox (15.9721pt too wide) in paragraph at lines 11--12
\OT1/cmr/m/it/10 ries
 []


Overfull \hbox (12.01102pt too wide) in paragraph at lines 11--12
\OT1/cmr/m/it/10 at-
 []


Overfull \hbox (17.12209pt too wide) in paragraph at lines 11--12
\OT1/cmr/m/it/10 ten-
 []


Overfull \hbox (20.18877pt too wide) in paragraph at lines 11--12
\OT1/cmr/m/it/10 tion. 
 []


! LaTeX Error: The font size command \normalsize is not defined:
               there is probably something wrong with the class file.

See the LaTeX manual or LaTeX Companion for explanation.
Type  H <return>  for immediate help.
 ...                                              
                                                  
l.12 
     
Your command was ignored.
Type  I <command> <return>  to replace it with another command,
or  <return>  to continue without it.

[1{/usr/local/texlive/2015/texmf-var/fonts/map/pdftex/updmap/pdftex.map}]

! LaTeX Error: Missing \begin{document}.

See the LaTeX manual or LaTeX Companion for explanation.
Type  H <return>  for immediate help.
 ...                                              
                                                  
l.13 1
      :28 - 1:36: Only background music
You're in trouble here.  Try typing  <return>  to proceed.
If that doesn't work, type  X <return>  to quit.

Missing character: There is no 1 in font nullfont!
Missing character: There is no : in font nullfont!
Missing character: There is no 2 in font nullfont!
Missing character: There is no 8 in font nullfont!
Missing character: There is no - in font nullfont!
Missing character: There is no 1 in font nullfont!
Missing character: There is no : in font nullfont!
Missing character: There is no 3 in font nullfont!
Missing character: There is no 6 in font nullfont!
Missing character: There is no : in font nullfont!
Missing character: There is no O in font nullfont!
Missing character: There is no n in font nullfont!
Missing character: There is no l in font nullfont!
Missing character: There is no y in font nullfont!
Missing character: There is no b in font nullfont!
Missing character: There is no a in font nullfont!
Missing character: There is no c in font nullfont!
Missing character: There is no k in font nullfont!
Missing character: There is no g in font nullfont!
Missing character: There is no r in font nullfont!
Missing character: There is no o in font nullfont!
Missing character: There is no u in font nullfont!
Missing character: There is no n in font nullfont!
Missing character: There is no d in font nullfont!
Missing character: There is no m in font nullfont!
Missing character: There is no u in font nullfont!
Missing character: There is no s in font nullfont!
Missing character: There is no i in font nullfont!
Missing character: There is no c in font nullfont!

Overfull \hbox (20.0pt too wide) in paragraph at lines 13--14
[]
 []


! LaTeX Error: Missing \begin{document}.

See the LaTeX manual or LaTeX Companion for explanation.
Type  H <return>  for immediate help.
 ...                                              
                                                  
l.15 1
      :36 - 1:51: Three times sound of a gong
You're in trouble here.  Try typing  <return>  to proceed.
If that doesn't work, type  X <return>  to quit.

Missing character: There is no 1 in font nullfont!
Missing character: There is no : in font nullfont!
Missing character: There is no 3 in font nullfont!
Missing character: There is no 6 in font nullfont!
Missing character: There is no - in font nullfont!
Missing character: There is no 1 in font nullfont!
Missing character: There is no : in font nullfont!
Missing character: There is no 5 in font nullfont!
Missing character: There is no 1 in font nullfont!
Missing character: There is no : in font nullfont!
Missing character: There is no T in font nullfont!
Missing character: There is no h in font nullfont!
Missing character: There is no r in font nullfont!
Missing character: There is no e in font nullfont!
Missing character: There is no e in font nullfont!
Missing character: There is no t in font nullfont!
Missing character: There is no i in font nullfont!
Missing character: There is no m in font nullfont!
Missing character: There is no e in font nullfont!
Missing character: There is no s in font nullfont!
Missing character: There is no s in font nullfont!
Missing character: There is no o in font nullfont!
Missing character: There is no u in font nullfont!
Missing character: There is no n in font nullfont!
Missing character: There is no d in font nullfont!
Missing character: There is no o in font nullfont!
Missing character: There is no f in font nullfont!
Missing character: There is no a in font nullfont!
Missing character: There is no g in font nullfont!
Missing character: There is no o in font nullfont!
Missing character: There is no n in font nullfont!
Missing character: There is no g in font nullfont!

Overfull \hbox (20.0pt too wide) in paragraph at lines 15--16
[]
 []


! LaTeX Error: Missing \begin{document}.

See the LaTeX manual or LaTeX Companion for explanation.
Type  H <return>  for immediate help.
 ...                                              
                                                  
l.17 1
      :51 - 2:30: Only background music
You're in trouble here.  Try typing  <return>  to proceed.
If that doesn't work, type  X <return>  to quit.

Missing character: There is no 1 in font nullfont!
Missing character: There is no : in font nullfont!
Missing character: There is no 5 in font nullfont!
Missing character: There is no 1 in font nullfont!
Missing character: There is no - in font nullfont!
Missing character: There is no 2 in font nullfont!
Missing character: There is no : in font nullfont!
Missing character: There is no 3 in font nullfont!
Missing character: There is no 0 in font nullfont!
Missing character: There is no : in font nullfont!
Missing character: There is no O in font nullfont!
Missing character: There is no n in font nullfont!
Missing character: There is no l in font nullfont!
Missing character: There is no y in font nullfont!
Missing character: There is no b in font nullfont!
Missing character: There is no a in font nullfont!
Missing character: There is no c in font nullfont!
Missing character: There is no k in font nullfont!
Missing character: There is no g in font nullfont!
Missing character: There is no r in font nullfont!
Missing character: There is no o in font nullfont!
Missing character: There is no u in font nullfont!
Missing character: There is no n in font nullfont!
Missing character: There is no d in font nullfont!
Missing character: There is no m in font nullfont!
Missing character: There is no u in font nullfont!
Missing character: There is no s in font nullfont!
Missing character: There is no i in font nullfont!
Missing character: There is no c in font nullfont!

Overfull \hbox (20.0pt too wide) in paragraph at lines 17--18
[]
 []


! LaTeX Error: Missing \begin{document}.

See the LaTeX manual or LaTeX Companion for explanation.
Type  H <return>  for immediate help.
 ...                                              
                                                  
l.19 2
      :31 - 2.46: \textit{Whenever we notice our attention has wondered away...

You're in trouble here.  Try typing  <return>  to proceed.
If that doesn't work, type  X <return>  to quit.

Missing character: There is no 2 in font nullfont!
Missing character: There is no : in font nullfont!
Missing character: There is no 3 in font nullfont!
Missing character: There is no 1 in font nullfont!
Missing character: There is no - in font nullfont!
Missing character: There is no 2 in font nullfont!
Missing character: There is no . in font nullfont!
Missing character: There is no 4 in font nullfont!
Missing character: There is no 6 in font nullfont!
Missing character: There is no : in font nullfont!

Overfull \hbox (20.0pt too wide) in paragraph at lines 19--20
[]
 []


Overfull \hbox (28.89981pt too wide) in paragraph at lines 19--20
\OT1/cmr/m/it/10 When-
 []


Overfull \hbox (18.01651pt too wide) in paragraph at lines 19--20
\OT1/cmr/m/it/10 ever
 []


Overfull \hbox (11.24437pt too wide) in paragraph at lines 19--20
\OT1/cmr/m/it/10 we
 []


Overfull \hbox (14.31102pt too wide) in paragraph at lines 19--20
\OT1/cmr/m/it/10 no-
 []


Overfull \hbox (15.07764pt too wide) in paragraph at lines 19--20
\OT1/cmr/m/it/10 tice
 []


Overfull \hbox (14.69435pt too wide) in paragraph at lines 19--20
\OT1/cmr/m/it/10 our
 []


Overfull \hbox (12.01102pt too wide) in paragraph at lines 19--20
\OT1/cmr/m/it/10 at-
 []


Overfull \hbox (17.12209pt too wide) in paragraph at lines 19--20
\OT1/cmr/m/it/10 ten-
 []


Overfull \hbox (17.12212pt too wide) in paragraph at lines 19--20
\OT1/cmr/m/it/10 tion
 []


Overfull \hbox (14.31104pt too wide) in paragraph at lines 19--20
\OT1/cmr/m/it/10 has
 []


Overfull \hbox (20.95543pt too wide) in paragraph at lines 19--20
\OT1/cmr/m/it/10 won-
 []


Overfull \hbox (22.61647pt too wide) in paragraph at lines 19--20
\OT1/cmr/m/it/10 dered
 []


Overfull \hbox (21.72209pt too wide) in paragraph at lines 19--20
\OT1/cmr/m/it/10 away
 []


Overfull \hbox (20.06097pt too wide) in paragraph at lines 19--20
\OT1/cmr/m/it/10 from
 []


Overfull \hbox (13.03323pt too wide) in paragraph at lines 19--20
\OT1/cmr/m/it/10 the
 []


Overfull \hbox (25.93866pt too wide) in paragraph at lines 19--20
\OT1/cmr/m/it/10 breath
 []


Overfull \hbox (11.24437pt too wide) in paragraph at lines 19--20
\OT1/cmr/m/it/10 we
 []


Overfull \hbox (14.82211pt too wide) in paragraph at lines 19--20
\OT1/cmr/m/it/10 can
 []


Overfull \hbox (15.84435pt too wide) in paragraph at lines 19--20
\OT1/cmr/m/it/10 just
 []


Overfull \hbox (17.6332pt too wide) in paragraph at lines 19--20
\OT1/cmr/m/it/10 take
 []


Overfull \hbox (5.11108pt too wide) in paragraph at lines 19--20
\OT1/cmr/m/it/10 a
 []


Overfull \hbox (16.86656pt too wide) in paragraph at lines 19--20
\OT1/cmr/m/it/10 mo-
 []


Overfull \hbox (21.72208pt too wide) in paragraph at lines 19--20
\OT1/cmr/m/it/10 ment
 []


Overfull \hbox (8.43327pt too wide) in paragraph at lines 19--20
\OT1/cmr/m/it/10 to
 []


Overfull \hbox (8.6888pt too wide) in paragraph at lines 19--20
\OT1/cmr/m/it/10 be
 []


Overfull \hbox (31.04976pt too wide) in paragraph at lines 19--20
\OT1/cmr/m/it/10 present
 []


Overfull \hbox (18.14433pt too wide) in paragraph at lines 19--20
\OT1/cmr/m/it/10 with
 []


Overfull \hbox (23.76651pt too wide) in paragraph at lines 19--20
\OT1/cmr/m/it/10 what-
 []


Overfull \hbox (18.01651pt too wide) in paragraph at lines 19--20
\OT1/cmr/m/it/10 ever
 []


Overfull \hbox (14.69435pt too wide) in paragraph at lines 19--20
\OT1/cmr/m/it/10 our
 []


Overfull \hbox (12.81657pt too wide) in paragraph at lines 19--20
\OT1/cmr/m/it/10 ex-
 []


Overfull \hbox (12.77766pt too wide) in paragraph at lines 19--20
\OT1/cmr/m/it/10 pe-
 []


Overfull \hbox (10.86102pt too wide) in paragraph at lines 19--20
\OT1/cmr/m/it/10 ri-
 []


Overfull \hbox (18.91095pt too wide) in paragraph at lines 19--20
\OT1/cmr/m/it/10 ence
 []


Overfull \hbox (10.22217pt too wide) in paragraph at lines 19--20
\OT1/cmr/m/it/10 is,
 []


Overfull \hbox (15.84436pt too wide) in paragraph at lines 19--20
\OT1/cmr/m/it/10 and
 []


Overfull \hbox (18.65543pt too wide) in paragraph at lines 19--20
\OT1/cmr/m/it/10 then
 []


Overfull \hbox (11.24437pt too wide) in paragraph at lines 19--20
\OT1/cmr/m/it/10 we
 []


Overfull \hbox (14.82211pt too wide) in paragraph at lines 19--20
\OT1/cmr/m/it/10 can
 []


Overfull \hbox (18.39986pt too wide) in paragraph at lines 19--20
\OT1/cmr/m/it/10 gen-
 []


Overfull \hbox (10.73325pt too wide) in paragraph at lines 19--20
\OT1/cmr/m/it/10 tly
 []


Overfull \hbox (22.1054pt too wide) in paragraph at lines 19--20
\OT1/cmr/m/it/10 bring
 []


Overfull \hbox (14.69435pt too wide) in paragraph at lines 19--20
\OT1/cmr/m/it/10 our
 []


Overfull \hbox (11.75548pt too wide) in paragraph at lines 19--20
\OT1/cmr/m/it/10 fo-
 []


Overfull \hbox (14.05547pt too wide) in paragraph at lines 19--20
\OT1/cmr/m/it/10 cus
 []


Overfull \hbox (18.39984pt too wide) in paragraph at lines 19--20
\OT1/cmr/m/it/10 back
 []


Overfull \hbox (8.43327pt too wide) in paragraph at lines 19--20
\OT1/cmr/m/it/10 to
 []


Overfull \hbox (13.03323pt too wide) in paragraph at lines 19--20
\OT1/cmr/m/it/10 the
 []


Overfull \hbox (17.63321pt too wide) in paragraph at lines 19--20
\OT1/cmr/m/it/10 nat-
 []


Overfull \hbox (8.94438pt too wide) in paragraph at lines 19--20
\OT1/cmr/m/it/10 u-
 []


Overfull \hbox (11.37213pt too wide) in paragraph at lines 19--20
\OT1/cmr/m/it/10 ral
 []


Overfull \hbox (17.88876pt too wide) in paragraph at lines 19--20
\OT1/cmr/m/it/10 sen-
 []


Overfull \hbox (12.7777pt too wide) in paragraph at lines 19--20
\OT1/cmr/m/it/10 sa-
 []


Overfull \hbox (17.12212pt too wide) in paragraph at lines 19--20
\OT1/cmr/m/it/10 tion
 []


Overfull \hbox (8.17773pt too wide) in paragraph at lines 19--20
\OT1/cmr/m/it/10 of
 []


Overfull \hbox (29.5164pt too wide) in paragraph at lines 19--20
\OT1/cmr/m/it/10 breath-
 []


Overfull \hbox (16.35545pt too wide) in paragraph at lines 19--20
\OT1/cmr/m/it/10 ing.
 []


! LaTeX Error: Missing \begin{document}.

See the LaTeX manual or LaTeX Companion for explanation.
Type  H <return>  for immediate help.
 ...                                              
                                                  
l.21 2
      :47 - 6:34: Only background music
You're in trouble here.  Try typing  <return>  to proceed.
If that doesn't work, type  X <return>  to quit.

Missing character: There is no 2 in font nullfont!
Missing character: There is no : in font nullfont!
Missing character: There is no 4 in font nullfont!
Missing character: There is no 7 in font nullfont!
Missing character: There is no - in font nullfont!
Missing character: There is no 6 in font nullfont!
Missing character: There is no : in font nullfont!
Missing character: There is no 3 in font nullfont!
Missing character: There is no 4 in font nullfont!
Missing character: There is no : in font nullfont!
Missing character: There is no O in font nullfont!
Missing character: There is no n in font nullfont!
Missing character: There is no l in font nullfont!
Missing character: There is no y in font nullfont!
Missing character: There is no b in font nullfont!
Missing character: There is no a in font nullfont!
Missing character: There is no c in font nullfont!
Missing character: There is no k in font nullfont!
Missing character: There is no g in font nullfont!
Missing character: There is no r in font nullfont!
Missing character: There is no o in font nullfont!
Missing character: There is no u in font nullfont!
Missing character: There is no n in font nullfont!
Missing character: There is no d in font nullfont!
Missing character: There is no m in font nullfont!
Missing character: There is no u in font nullfont!
Missing character: There is no s in font nullfont!
Missing character: There is no i in font nullfont!
Missing character: There is no c in font nullfont!

Overfull \hbox (20.0pt too wide) in paragraph at lines 21--22
[]
 []


! LaTeX Error: Missing \begin{document}.

See the LaTeX manual or LaTeX Companion for explanation.
Type  H <return>  for immediate help.
 ...                                              
                                                  
l.23 6
      :34 - 6:42 \textit{If you have notice that your attention is no longer...

You're in trouble here.  Try typing  <return>  to proceed.
If that doesn't work, type  X <return>  to quit.

Missing character: There is no 6 in font nullfont!
Missing character: There is no : in font nullfont!
Missing character: There is no 3 in font nullfont!
Missing character: There is no 4 in font nullfont!
Missing character: There is no - in font nullfont!
Missing character: There is no 6 in font nullfont!
Missing character: There is no : in font nullfont!
Missing character: There is no 4 in font nullfont!
Missing character: There is no 2 in font nullfont!

Overfull \hbox (20.0pt too wide) in paragraph at lines 23--24
[]
 []


Overfull \hbox (6.92218pt too wide) in paragraph at lines 23--24
\OT1/cmr/m/it/10 If
 []


Overfull \hbox (15.33324pt too wide) in paragraph at lines 23--24
\OT1/cmr/m/it/10 you
 []


Overfull \hbox (19.42209pt too wide) in paragraph at lines 23--24
\OT1/cmr/m/it/10 have
 []


Overfull \hbox (14.31102pt too wide) in paragraph at lines 23--24
\OT1/cmr/m/it/10 no-
 []


Overfull \hbox (15.07764pt too wide) in paragraph at lines 23--24
\OT1/cmr/m/it/10 tice
 []


Overfull \hbox (16.86655pt too wide) in paragraph at lines 23--24
\OT1/cmr/m/it/10 that
 []


Overfull \hbox (19.54987pt too wide) in paragraph at lines 23--24
\OT1/cmr/m/it/10 your
 []


Overfull \hbox (12.01102pt too wide) in paragraph at lines 23--24
\OT1/cmr/m/it/10 at-
 []


Overfull \hbox (17.12209pt too wide) in paragraph at lines 23--24
\OT1/cmr/m/it/10 ten-
 []


Overfull \hbox (17.12212pt too wide) in paragraph at lines 23--24
\OT1/cmr/m/it/10 tion
 []


Overfull \hbox (7.15552pt too wide) in paragraph at lines 23--24
\OT1/cmr/m/it/10 is
 []


Overfull \hbox (10.73328pt too wide) in paragraph at lines 23--24
\OT1/cmr/m/it/10 no
 []


Overfull \hbox (26.70537pt too wide) in paragraph at lines 23--24
\OT1/cmr/m/it/10 longer
 []


Overfull \hbox (31.04976pt too wide) in paragraph at lines 23--24
\OT1/cmr/m/it/10 present
 []


Overfull \hbox (18.14433pt too wide) in paragraph at lines 23--24
\OT1/cmr/m/it/10 with
 []


Overfull \hbox (13.03323pt too wide) in paragraph at lines 23--24
\OT1/cmr/m/it/10 the
 []


Overfull \hbox (17.88876pt too wide) in paragraph at lines 23--24
\OT1/cmr/m/it/10 sen-
 []


Overfull \hbox (12.7777pt too wide) in paragraph at lines 23--24
\OT1/cmr/m/it/10 sa-
 []


Overfull \hbox (17.12212pt too wide) in paragraph at lines 23--24
\OT1/cmr/m/it/10 tion
 []


Overfull \hbox (8.17773pt too wide) in paragraph at lines 23--24
\OT1/cmr/m/it/10 of
 []


Overfull \hbox (29.5164pt too wide) in paragraph at lines 23--24
\OT1/cmr/m/it/10 breath-
 []


Overfull \hbox (16.35545pt too wide) in paragraph at lines 23--24
\OT1/cmr/m/it/10 ing,
 []


Overfull \hbox (15.84435pt too wide) in paragraph at lines 23--24
\OT1/cmr/m/it/10 just
 []


Overfull \hbox (17.6332pt too wide) in paragraph at lines 23--24
\OT1/cmr/m/it/10 take
 []


Overfull \hbox (5.11108pt too wide) in paragraph at lines 23--24
\OT1/cmr/m/it/10 a
 []


Overfull \hbox (16.86656pt too wide) in paragraph at lines 23--24
\OT1/cmr/m/it/10 mo-
 []


Overfull \hbox (21.72208pt too wide) in paragraph at lines 23--24
\OT1/cmr/m/it/10 ment
 []


Overfull \hbox (8.43327pt too wide) in paragraph at lines 23--24
\OT1/cmr/m/it/10 to
 []


Overfull \hbox (14.31102pt too wide) in paragraph at lines 23--24
\OT1/cmr/m/it/10 no-
 []


Overfull \hbox (15.07764pt too wide) in paragraph at lines 23--24
\OT1/cmr/m/it/10 tice
 []


Overfull \hbox (24.66092pt too wide) in paragraph at lines 23--24
\OT1/cmr/m/it/10 where
 []


Overfull \hbox (6.38884pt too wide) in paragraph at lines 23--24
\OT1/cmr/m/it/10 it
 []


Overfull \hbox (10.22217pt too wide) in paragraph at lines 23--24
\OT1/cmr/m/it/10 is,
 []


Overfull \hbox (15.84436pt too wide) in paragraph at lines 23--24
\OT1/cmr/m/it/10 and
 []


Overfull \hbox (18.65543pt too wide) in paragraph at lines 23--24
\OT1/cmr/m/it/10 then
 []


Overfull \hbox (18.39986pt too wide) in paragraph at lines 23--24
\OT1/cmr/m/it/10 gen-
 []


Overfull \hbox (10.73325pt too wide) in paragraph at lines 23--24
\OT1/cmr/m/it/10 tly
 []


Overfull \hbox (22.1054pt too wide) in paragraph at lines 23--24
\OT1/cmr/m/it/10 bring
 []


Overfull \hbox (6.38884pt too wide) in paragraph at lines 23--24
\OT1/cmr/m/it/10 it
 []


Overfull \hbox (21.46649pt too wide) in paragraph at lines 23--24
\OT1/cmr/m/it/10 back.
 []


! LaTeX Error: Missing \begin{document}.

See the LaTeX manual or LaTeX Companion for explanation.
Type  H <return>  for immediate help.
 ...                                              
                                                  
l.25 6
      :43 - 11:35: Only background music
You're in trouble here.  Try typing  <return>  to proceed.
If that doesn't work, type  X <return>  to quit.

Missing character: There is no 6 in font nullfont!
Missing character: There is no : in font nullfont!
Missing character: There is no 4 in font nullfont!
Missing character: There is no 3 in font nullfont!
Missing character: There is no - in font nullfont!
Missing character: There is no 1 in font nullfont!
Missing character: There is no 1 in font nullfont!
Missing character: There is no : in font nullfont!
Missing character: There is no 3 in font nullfont!
Missing character: There is no 5 in font nullfont!
Missing character: There is no : in font nullfont!
Missing character: There is no O in font nullfont!
Missing character: There is no n in font nullfont!
Missing character: There is no l in font nullfont!
Missing character: There is no y in font nullfont!
Missing character: There is no b in font nullfont!
Missing character: There is no a in font nullfont!
Missing character: There is no c in font nullfont!
Missing character: There is no k in font nullfont!
Missing character: There is no g in font nullfont!
Missing character: There is no r in font nullfont!
Missing character: There is no o in font nullfont!
Missing character: There is no u in font nullfont!
Missing character: There is no n in font nullfont!
Missing character: There is no d in font nullfont!
Missing character: There is no m in font nullfont!
Missing character: There is no u in font nullfont!
Missing character: There is no s in font nullfont!
Missing character: There is no i in font nullfont!
Missing character: There is no c in font nullfont!

Overfull \hbox (20.0pt too wide) in paragraph at lines 25--26
[]
 []


! LaTeX Error: Missing \begin{document}.

See the LaTeX manual or LaTeX Companion for explanation.
Type  H <return>  for immediate help.
 ...                                              
                                                  
l.27 1
      1:35 - 11:38 \textit{Lets keep focusing on the sensation of our natura...

You're in trouble here.  Try typing  <return>  to proceed.
If that doesn't work, type  X <return>  to quit.

Missing character: There is no 1 in font nullfont!
Missing character: There is no 1 in font nullfont!
Missing character: There is no : in font nullfont!
Missing character: There is no 3 in font nullfont!
Missing character: There is no 5 in font nullfont!
Missing character: There is no - in font nullfont!
Missing character: There is no 1 in font nullfont!
Missing character: There is no 1 in font nullfont!
Missing character: There is no : in font nullfont!
Missing character: There is no 3 in font nullfont!
Missing character: There is no 8 in font nullfont!

Overfull \hbox (20.0pt too wide) in paragraph at lines 27--28
[]
 []


Overfull \hbox (17.77206pt too wide) in paragraph at lines 27--28
\OT1/cmr/m/it/10 Lets
 []


Overfull \hbox (18.39984pt too wide) in paragraph at lines 27--28
\OT1/cmr/m/it/10 keep
 []


Overfull \hbox (11.75548pt too wide) in paragraph at lines 27--28
\OT1/cmr/m/it/10 fo-
 []


Overfull \hbox (17.63321pt too wide) in paragraph at lines 27--28
\OT1/cmr/m/it/10 cus-
 []


Overfull \hbox (13.2888pt too wide) in paragraph at lines 27--28
\OT1/cmr/m/it/10 ing
 []


Overfull \hbox (10.73328pt too wide) in paragraph at lines 27--28
\OT1/cmr/m/it/10 on
 []


Overfull \hbox (13.03323pt too wide) in paragraph at lines 27--28
\OT1/cmr/m/it/10 the
 []


Overfull \hbox (17.88876pt too wide) in paragraph at lines 27--28
\OT1/cmr/m/it/10 sen-
 []


Overfull \hbox (12.7777pt too wide) in paragraph at lines 27--28
\OT1/cmr/m/it/10 sa-
 []


Overfull \hbox (17.12212pt too wide) in paragraph at lines 27--28
\OT1/cmr/m/it/10 tion
 []


Overfull \hbox (8.17773pt too wide) in paragraph at lines 27--28
\OT1/cmr/m/it/10 of
 []


Overfull \hbox (14.69435pt too wide) in paragraph at lines 27--28
\OT1/cmr/m/it/10 our
 []


Overfull \hbox (17.63321pt too wide) in paragraph at lines 27--28
\OT1/cmr/m/it/10 nat-
 []


Overfull \hbox (8.94438pt too wide) in paragraph at lines 27--28
\OT1/cmr/m/it/10 u-
 []


Overfull \hbox (11.37213pt too wide) in paragraph at lines 27--28
\OT1/cmr/m/it/10 ral
 []


Overfull \hbox (29.5164pt too wide) in paragraph at lines 27--28
\OT1/cmr/m/it/10 breath-
 []


Overfull \hbox (16.35545pt too wide) in paragraph at lines 27--28
\OT1/cmr/m/it/10 ing. 
 []


! LaTeX Error: Missing \begin{document}.

See the LaTeX manual or LaTeX Companion for explanation.
Type  H <return>  for immediate help.
 ...                                              
                                                  
l.29 1
      1:39 - 16:37: Only background music
You're in trouble here.  Try typing  <return>  to proceed.
If that doesn't work, type  X <return>  to quit.

Missing character: There is no 1 in font nullfont!
Missing character: There is no 1 in font nullfont!
Missing character: There is no : in font nullfont!
Missing character: There is no 3 in font nullfont!
Missing character: There is no 9 in font nullfont!
Missing character: There is no - in font nullfont!
Missing character: There is no 1 in font nullfont!
Missing character: There is no 6 in font nullfont!
Missing character: There is no : in font nullfont!
Missing character: There is no 3 in font nullfont!
Missing character: There is no 7 in font nullfont!
Missing character: There is no : in font nullfont!
Missing character: There is no O in font nullfont!
Missing character: There is no n in font nullfont!
Missing character: There is no l in font nullfont!
Missing character: There is no y in font nullfont!
Missing character: There is no b in font nullfont!
Missing character: There is no a in font nullfont!
Missing character: There is no c in font nullfont!
Missing character: There is no k in font nullfont!
Missing character: There is no g in font nullfont!
Missing character: There is no r in font nullfont!
Missing character: There is no o in font nullfont!
Missing character: There is no u in font nullfont!
Missing character: There is no n in font nullfont!
Missing character: There is no d in font nullfont!
Missing character: There is no m in font nullfont!
Missing character: There is no u in font nullfont!
Missing character: There is no s in font nullfont!
Missing character: There is no i in font nullfont!
Missing character: There is no c in font nullfont!

Overfull \hbox (20.0pt too wide) in paragraph at lines 29--30
[]
 []


! LaTeX Error: Missing \begin{document}.

See the LaTeX manual or LaTeX Companion for explanation.
Type  H <return>  for immediate help.
 ...                                              
                                                  
l.31 1
      6:38 - 16:45: \textit{At some point we might be able to follow the who...

You're in trouble here.  Try typing  <return>  to proceed.
If that doesn't work, type  X <return>  to quit.

Missing character: There is no 1 in font nullfont!
Missing character: There is no 6 in font nullfont!
Missing character: There is no : in font nullfont!
Missing character: There is no 3 in font nullfont!
Missing character: There is no 8 in font nullfont!
Missing character: There is no - in font nullfont!
Missing character: There is no 1 in font nullfont!
Missing character: There is no 6 in font nullfont!
Missing character: There is no : in font nullfont!
Missing character: There is no 4 in font nullfont!
Missing character: There is no 5 in font nullfont!
Missing character: There is no : in font nullfont!

Overfull \hbox (20.0pt too wide) in paragraph at lines 31--32
[]
 []


Overfull \hbox (10.49991pt too wide) in paragraph at lines 31--32
\OT1/cmr/m/it/10 At
 []


Overfull \hbox (21.97765pt too wide) in paragraph at lines 31--32
\OT1/cmr/m/it/10 some
 []


Overfull \hbox (21.72208pt too wide) in paragraph at lines 31--32
\OT1/cmr/m/it/10 point
 []


Overfull \hbox (11.24437pt too wide) in paragraph at lines 31--32
\OT1/cmr/m/it/10 we
 []


Overfull \hbox (24.27762pt too wide) in paragraph at lines 31--32
\OT1/cmr/m/it/10 might
 []


Overfull \hbox (8.6888pt too wide) in paragraph at lines 31--32
\OT1/cmr/m/it/10 be
 []


Overfull \hbox (16.86655pt too wide) in paragraph at lines 31--32
\OT1/cmr/m/it/10 able
 []


Overfull \hbox (8.43327pt too wide) in paragraph at lines 31--32
\OT1/cmr/m/it/10 to
 []


Overfull \hbox (14.31102pt too wide) in paragraph at lines 31--32
\OT1/cmr/m/it/10 fol-
 []


Overfull \hbox (14.31104pt too wide) in paragraph at lines 31--32
\OT1/cmr/m/it/10 low
 []


Overfull \hbox (13.03323pt too wide) in paragraph at lines 31--32
\OT1/cmr/m/it/10 the
 []


Overfull \hbox (24.02208pt too wide) in paragraph at lines 31--32
\OT1/cmr/m/it/10 whole
 []


Overfull \hbox (13.03322pt too wide) in paragraph at lines 31--32
\OT1/cmr/m/it/10 cy-
 []


Overfull \hbox (11.75546pt too wide) in paragraph at lines 31--32
\OT1/cmr/m/it/10 cle
 []


Overfull \hbox (8.17773pt too wide) in paragraph at lines 31--32
\OT1/cmr/m/it/10 of
 []


Overfull \hbox (17.88876pt too wide) in paragraph at lines 31--32
\OT1/cmr/m/it/10 sen-
 []


Overfull \hbox (12.7777pt too wide) in paragraph at lines 31--32
\OT1/cmr/m/it/10 sa-
 []


Overfull \hbox (24.27763pt too wide) in paragraph at lines 31--32
\OT1/cmr/m/it/10 tions,
 []


Overfull \hbox (10.73328pt too wide) in paragraph at lines 31--32
\OT1/cmr/m/it/10 all
 []


Overfull \hbox (13.03323pt too wide) in paragraph at lines 31--32
\OT1/cmr/m/it/10 the
 []


Overfull \hbox (16.61101pt too wide) in paragraph at lines 31--32
\OT1/cmr/m/it/10 way
 []


Overfull \hbox (32.32755pt too wide) in paragraph at lines 31--32
\OT1/cmr/m/it/10 through
 []


Overfull \hbox (13.03323pt too wide) in paragraph at lines 31--32
\OT1/cmr/m/it/10 the
 []


Overfull \hbox (12.26659pt too wide) in paragraph at lines 31--32
\OT1/cmr/m/it/10 in-
 []


Overfull \hbox (25.93866pt too wide) in paragraph at lines 31--32
\OT1/cmr/m/it/10 breath
 []


Overfull \hbox (15.84436pt too wide) in paragraph at lines 31--32
\OT1/cmr/m/it/10 and
 []


Overfull \hbox (10.73328pt too wide) in paragraph at lines 31--32
\OT1/cmr/m/it/10 all
 []


Overfull \hbox (13.03323pt too wide) in paragraph at lines 31--32
\OT1/cmr/m/it/10 the
 []


Overfull \hbox (16.61101pt too wide) in paragraph at lines 31--32
\OT1/cmr/m/it/10 way
 []


Overfull \hbox (32.32755pt too wide) in paragraph at lines 31--32
\OT1/cmr/m/it/10 through
 []


Overfull \hbox (13.03323pt too wide) in paragraph at lines 31--32
\OT1/cmr/m/it/10 the
 []


Overfull \hbox (17.37766pt too wide) in paragraph at lines 31--32
\OT1/cmr/m/it/10 out-
 []


Overfull \hbox (29.00531pt too wide) in paragraph at lines 31--32
\OT1/cmr/m/it/10 breath.
 []


! LaTeX Error: Missing \begin{document}.

See the LaTeX manual or LaTeX Companion for explanation.
Type  H <return>  for immediate help.
 ...                                              
                                                  
l.33 1
      6:46-19:35: Only background music
You're in trouble here.  Try typing  <return>  to proceed.
If that doesn't work, type  X <return>  to quit.

Missing character: There is no 1 in font nullfont!
Missing character: There is no 6 in font nullfont!
Missing character: There is no : in font nullfont!
Missing character: There is no 4 in font nullfont!
Missing character: There is no 6 in font nullfont!
Missing character: There is no - in font nullfont!
Missing character: There is no 1 in font nullfont!
Missing character: There is no 9 in font nullfont!
Missing character: There is no : in font nullfont!
Missing character: There is no 3 in font nullfont!
Missing character: There is no 5 in font nullfont!
Missing character: There is no : in font nullfont!
Missing character: There is no O in font nullfont!
Missing character: There is no n in font nullfont!
Missing character: There is no l in font nullfont!
Missing character: There is no y in font nullfont!
Missing character: There is no b in font nullfont!
Missing character: There is no a in font nullfont!
Missing character: There is no c in font nullfont!
Missing character: There is no k in font nullfont!
Missing character: There is no g in font nullfont!
Missing character: There is no r in font nullfont!
Missing character: There is no o in font nullfont!
Missing character: There is no u in font nullfont!
Missing character: There is no n in font nullfont!
Missing character: There is no d in font nullfont!
Missing character: There is no m in font nullfont!
Missing character: There is no u in font nullfont!
Missing character: There is no s in font nullfont!
Missing character: There is no i in font nullfont!
Missing character: There is no c in font nullfont!

Overfull \hbox (20.0pt too wide) in paragraph at lines 33--34
[]
 []


! LaTeX Error: Missing \begin{document}.

See the LaTeX manual or LaTeX Companion for explanation.
Type  H <return>  for immediate help.
 ...                                              
                                                  
l.35 1
      9:36 - 19:41: \textit{We will meditate for another two minutes, so rem...

You're in trouble here.  Try typing  <return>  to proceed.
If that doesn't work, type  X <return>  to quit.

Missing character: There is no 1 in font nullfont!
Missing character: There is no 9 in font nullfont!
Missing character: There is no : in font nullfont!
Missing character: There is no 3 in font nullfont!
Missing character: There is no 6 in font nullfont!
Missing character: There is no - in font nullfont!
Missing character: There is no 1 in font nullfont!
Missing character: There is no 9 in font nullfont!
Missing character: There is no : in font nullfont!
Missing character: There is no 4 in font nullfont!
Missing character: There is no 1 in font nullfont!
Missing character: There is no : in font nullfont!

Overfull \hbox (20.0pt too wide) in paragraph at lines 35--36
[]
 []


Overfull \hbox (14.58879pt too wide) in paragraph at lines 35--36
\OT1/cmr/m/it/10 We
 []


Overfull \hbox (15.33325pt too wide) in paragraph at lines 35--36
\OT1/cmr/m/it/10 will
 []


Overfull \hbox (20.9554pt too wide) in paragraph at lines 35--36
\OT1/cmr/m/it/10 med-
 []


Overfull \hbox (6.6444pt too wide) in paragraph at lines 35--36
\OT1/cmr/m/it/10 i-
 []


Overfull \hbox (16.35542pt too wide) in paragraph at lines 35--36
\OT1/cmr/m/it/10 tate
 []


Overfull \hbox (12.39436pt too wide) in paragraph at lines 35--36
\OT1/cmr/m/it/10 for
 []


Overfull \hbox (14.31102pt too wide) in paragraph at lines 35--36
\OT1/cmr/m/it/10 an-
 []


Overfull \hbox (22.36095pt too wide) in paragraph at lines 35--36
\OT1/cmr/m/it/10 other
 []


Overfull \hbox (15.07768pt too wide) in paragraph at lines 35--36
\OT1/cmr/m/it/10 two
 []


Overfull \hbox (20.44432pt too wide) in paragraph at lines 35--36
\OT1/cmr/m/it/10 min-
 []


Overfull \hbox (20.4443pt too wide) in paragraph at lines 35--36
\OT1/cmr/m/it/10 utes,
 []


Overfull \hbox (9.19995pt too wide) in paragraph at lines 35--36
\OT1/cmr/m/it/10 so
 []


Overfull \hbox (11.88321pt too wide) in paragraph at lines 35--36
\OT1/cmr/m/it/10 re-
 []


Overfull \hbox (24.53317pt too wide) in paragraph at lines 35--36
\OT1/cmr/m/it/10 mem-
 []


Overfull \hbox (12.90543pt too wide) in paragraph at lines 35--36
\OT1/cmr/m/it/10 ber
 []


Overfull \hbox (14.69435pt too wide) in paragraph at lines 35--36
\OT1/cmr/m/it/10 our
 []


Overfull \hbox (12.01102pt too wide) in paragraph at lines 35--36
\OT1/cmr/m/it/10 at-
 []


Overfull \hbox (17.12209pt too wide) in paragraph at lines 35--36
\OT1/cmr/m/it/10 ten-
 []


Overfull \hbox (17.12212pt too wide) in paragraph at lines 35--36
\OT1/cmr/m/it/10 tion
 []


Overfull \hbox (8.43327pt too wide) in paragraph at lines 35--36
\OT1/cmr/m/it/10 to
 []


Overfull \hbox (11.75548pt too wide) in paragraph at lines 35--36
\OT1/cmr/m/it/10 fo-
 []


Overfull \hbox (14.05547pt too wide) in paragraph at lines 35--36
\OT1/cmr/m/it/10 cus
 []


Overfull \hbox (10.73328pt too wide) in paragraph at lines 35--36
\OT1/cmr/m/it/10 on
 []


Overfull \hbox (13.03323pt too wide) in paragraph at lines 35--36
\OT1/cmr/m/it/10 the
 []


Overfull \hbox (17.88876pt too wide) in paragraph at lines 35--36
\OT1/cmr/m/it/10 sen-
 []


Overfull \hbox (12.7777pt too wide) in paragraph at lines 35--36
\OT1/cmr/m/it/10 sa-
 []


Overfull \hbox (17.12212pt too wide) in paragraph at lines 35--36
\OT1/cmr/m/it/10 tion
 []


Overfull \hbox (8.17773pt too wide) in paragraph at lines 35--36
\OT1/cmr/m/it/10 of
 []


Overfull \hbox (29.5164pt too wide) in paragraph at lines 35--36
\OT1/cmr/m/it/10 breath-
 []


Overfull \hbox (16.35545pt too wide) in paragraph at lines 35--36
\OT1/cmr/m/it/10 ing. 
 []


! LaTeX Error: Missing \begin{document}.

See the LaTeX manual or LaTeX Companion for explanation.
Type  H <return>  for immediate help.
 ...                                              
                                                  
l.37 1
      9:42-21:35: Only background music
You're in trouble here.  Try typing  <return>  to proceed.
If that doesn't work, type  X <return>  to quit.

Missing character: There is no 1 in font nullfont!
Missing character: There is no 9 in font nullfont!
Missing character: There is no : in font nullfont!
Missing character: There is no 4 in font nullfont!
Missing character: There is no 2 in font nullfont!
Missing character: There is no - in font nullfont!
Missing character: There is no 2 in font nullfont!
Missing character: There is no 1 in font nullfont!
Missing character: There is no : in font nullfont!
Missing character: There is no 3 in font nullfont!
Missing character: There is no 5 in font nullfont!
Missing character: There is no : in font nullfont!
Missing character: There is no O in font nullfont!
Missing character: There is no n in font nullfont!
Missing character: There is no l in font nullfont!
Missing character: There is no y in font nullfont!
Missing character: There is no b in font nullfont!
Missing character: There is no a in font nullfont!
Missing character: There is no c in font nullfont!
Missing character: There is no k in font nullfont!
Missing character: There is no g in font nullfont!
Missing character: There is no r in font nullfont!
Missing character: There is no o in font nullfont!
Missing character: There is no u in font nullfont!
Missing character: There is no n in font nullfont!
Missing character: There is no d in font nullfont!
Missing character: There is no m in font nullfont!
Missing character: There is no u in font nullfont!
Missing character: There is no s in font nullfont!
Missing character: There is no i in font nullfont!
Missing character: There is no c in font nullfont!

Overfull \hbox (20.0pt too wide) in paragraph at lines 37--38
[]
 []


! LaTeX Error: Missing \begin{document}.

See the LaTeX manual or LaTeX Companion for explanation.
Type  H <return>  for immediate help.
 ...                                              
                                                  
l.39 2
      1:35-21:45: Two times sound of a gong
You're in trouble here.  Try typing  <return>  to proceed.
If that doesn't work, type  X <return>  to quit.

Missing character: There is no 2 in font nullfont!
Missing character: There is no 1 in font nullfont!
Missing character: There is no : in font nullfont!
Missing character: There is no 3 in font nullfont!
Missing character: There is no 5 in font nullfont!
Missing character: There is no - in font nullfont!
Missing character: There is no 2 in font nullfont!
Missing character: There is no 1 in font nullfont!
Missing character: There is no : in font nullfont!
Missing character: There is no 4 in font nullfont!
Missing character: There is no 5 in font nullfont!
Missing character: There is no : in font nullfont!
Missing character: There is no T in font nullfont!
Missing character: There is no w in font nullfont!
Missing character: There is no o in font nullfont!
Missing character: There is no t in font nullfont!
Missing character: There is no i in font nullfont!
Missing character: There is no m in font nullfont!
Missing character: There is no e in font nullfont!
Missing character: There is no s in font nullfont!
Missing character: There is no s in font nullfont!
Missing character: There is no o in font nullfont!
Missing character: There is no u in font nullfont!
Missing character: There is no n in font nullfont!
Missing character: There is no d in font nullfont!
Missing character: There is no o in font nullfont!
Missing character: There is no f in font nullfont!
Missing character: There is no a in font nullfont!
Missing character: There is no g in font nullfont!
Missing character: There is no o in font nullfont!
Missing character: There is no n in font nullfont!
Missing character: There is no g in font nullfont!

Overfull \hbox (20.0pt too wide) in paragraph at lines 39--40
[]
 []


! LaTeX Error: Missing \begin{document}.

See the LaTeX manual or LaTeX Companion for explanation.
Type  H <return>  for immediate help.
 ...                                              
                                                  
l.41 2
      1:45-22:40: Only background music
You're in trouble here.  Try typing  <return>  to proceed.
If that doesn't work, type  X <return>  to quit.

Missing character: There is no 2 in font nullfont!
Missing character: There is no 1 in font nullfont!
Missing character: There is no : in font nullfont!
Missing character: There is no 4 in font nullfont!
Missing character: There is no 5 in font nullfont!
Missing character: There is no - in font nullfont!
Missing character: There is no 2 in font nullfont!
Missing character: There is no 2 in font nullfont!
Missing character: There is no : in font nullfont!
Missing character: There is no 4 in font nullfont!
Missing character: There is no 0 in font nullfont!
Missing character: There is no : in font nullfont!
Missing character: There is no O in font nullfont!
Missing character: There is no n in font nullfont!
Missing character: There is no l in font nullfont!
Missing character: There is no y in font nullfont!
Missing character: There is no b in font nullfont!
Missing character: There is no a in font nullfont!
Missing character: There is no c in font nullfont!
Missing character: There is no k in font nullfont!
Missing character: There is no g in font nullfont!
Missing character: There is no r in font nullfont!
Missing character: There is no o in font nullfont!
Missing character: There is no u in font nullfont!
Missing character: There is no n in font nullfont!
Missing character: There is no d in font nullfont!
Missing character: There is no m in font nullfont!
Missing character: There is no u in font nullfont!
Missing character: There is no s in font nullfont!
Missing character: There is no i in font nullfont!
Missing character: There is no c in font nullfont!
)
! Emergency stop.
<*> Meditation.tex
                  
*** (job aborted, no legal \end found)

 
Here is how much of TeX's memory you used:
 14 strings out of 493089
 237 string characters out of 6134843
 61201 words of memory out of 5000000
 3595 multiletter control sequences out of 15000+600000
 4294 words of font info for 16 fonts, out of 8000000 for 9000
 1141 hyphenation exceptions out of 8191
 18i,4n,12p,1308b,113s stack positions out of 5000i,500n,10000p,200000b,80000s
!  ==> Fatal error occurred, no output PDF file produced!
